OK
Name                                                                               Stmts   Miss Branch BrPart  Cover   Missing
------------------------------------------------------------------------------------------------------------------------------
app/api.py                                                                            21      0      0      0   100%
app/database.py                                                                       80      3     14      1    96%   16-18, 10->16
app/idb.py                                                                            47     23      2      1    51%   37, 43, 48, 52, 60, 69-70, 78, 86, 96, 105, 114, 119, 123-131, 135, 134->135
app/models.py                                                                        132      1      0      0    99%   105
app/test.py                                                                          153      0     16      0   100%
/usr/lib/python3/dist-packages/six.py                                                325    163    104     10    45%   44-66, 102, 114-119, 129-131, 143, 152-155, 158-159, 377, 385, 390-396, 413-424, 429-431, 437-439, 444, 450-461, 476, 480, 484, 488, 493, 495, 498-499, 510-524, 534-552, 559-610, 617, 621-632, 35->44, 97->102, 141->152, 142->143, 399->413, 442->450, 491->510, 497->498, 529->539, 558->559
/usr/local/lib/python3.4/dist-packages/click/__init__.py                              13      0      0      0   100%
/usr/local/lib/python3.4/dist-packages/click/_compat.py                              403    321    140      9    17%   18, 22-26, 32-35, 40-43, 49-50, 56-67, 70-73, 77, 87, 90, 93-101, 104-111, 114-124, 127-134, 138-215, 226, 229-232, 237-246, 253-261, 268-276, 284, 287-299, 302-327, 330-355, 358-362, 365-369, 372-376, 379-382, 385-388, 391-394, 397-402, 406-415, 422-463, 471-472, 478-481, 485, 488-497, 500, 503, 506, 509, 518, 522-526, 534-592, 595, 601, 605-608, 614-626, 55->56, 137->138, 223->exit, 467->471, 532->534, 597->exit, 630->exit, 632->exit, 634->exit
/usr/local/lib/python3.4/dist-packages/click/_unicodefun.py                           66     55     38      2    12%   16-27, 32, 35-39, 50-115, 31->32, 33->35
/usr/local/lib/python3.4/dist-packages/click/core.py                                 819    577    374     26    24%   30-38, 44-50, 63, 67-78, 86-97, 105-112, 202-321, 324-326, 329-332, 363-370, 398, 402, 414-415, 419-421, 429-434, 438-441, 445-449, 455-458, 464-468, 476, 480, 484, 490, 496, 514-535, 542-553, 596, 599, 616-622, 629, 636, 675-718, 722, 768-770, 773-777, 781-782, 788-791, 795-799, 803-811, 818-823, 829-831, 843-846, 850-853, 857-865, 869-872, 875-888, 894-895, 934, 944-946, 950-952, 955-956, 983-993, 999-1011, 1014-1025, 1028-1093, 1096-1119, 1125, 1131, 1152, 1162-1166, 1174-1178, 1181, 1184, 1195-1197, 1201, 1204-1209, 1212-1215, 1274, 1293, 1296-1303, 1308-1312, 1315, 1318-1323, 1330-1344, 1354-1355, 1358-1362, 1365-1373, 1376-1384, 1387-1390, 1393-1411, 1414, 1417, 1463, 1467, 1475, 1494-1497, 1507, 1509, 1511, 1514, 1517-1521, 1532-1534, 1554, 1557-1559, 1562, 1569-1595, 1598-1624, 1631-1636, 1645-1652, 1658-1664, 1667-1675, 1678-1681, 1694-1701, 1706-1708, 1711-1718, 1721-1733, 1736, 1739, 42->44, 590->593, 928->930, 932->937, 933->934, 943->944, 1151->1152, 1272->1278, 1273->1274, 1462->1463, 1464->1467, 1474->1475, 1480->1482, 1493->1494, 1506->1507, 1508->1509, 1510->1511, 1512->1514, 1516->1517, 1531->1532, 1540->1543, 1544->1530, 1550->1556, 1553->1554, 1556->1557, 1561->1562
/usr/local/lib/python3.4/dist-packages/click/decorators.py                           144     85     38      6    37%   17, 26-28, 55-64, 71, 83-85, 126-127, 132, 149-153, 192-202, 217-222, 237-276, 289-300, 70->71, 80->85, 82->83, 112->114, 131->132, 167->169
/usr/local/lib/python3.4/dist-packages/click/exceptions.py                            98     70     42      0    20%   12-16, 19, 22-24, 38-39, 42-48, 71-73, 76-84, 101-102, 105-127, 144-148, 151-158, 170, 182, 189-194, 197
/usr/local/lib/python3.4/dist-packages/click/formatting.py                           134    112     54      0    12%   12-16, 20-22, 45-86, 102-111, 115, 119, 123, 132-150, 154, 158-159, 165-171, 182-208, 217-223, 228-232, 236, 245-256
/usr/local/lib/python3.4/dist-packages/click/globals.py                               18     12      6      0    25%   22-26, 31, 36, 44-48
/usr/local/lib/python3.4/dist-packages/click/parser.py                               236    203    120      1    10%   34-72, 76-78, 84, 91-94, 99-112, 118-141, 145, 148-160, 166-168, 171-179, 185-188, 208-225, 237-246, 254-256, 265-272, 275-282, 285-298, 321-350, 353-397, 400-426, 83->84
/usr/local/lib/python3.4/dist-packages/click/termui.py                               176    149     66      0    11%   23-24, 28-31, 65-110, 132-154, 162-195, 209-213, 299-301, 316-324, 369-393, 405, 420, 452-457, 482-483, 507-510, 528-539
/usr/local/lib/python3.4/dist-packages/click/types.py                                270    175    100      6    29%   37-38, 54, 64, 68, 76, 82-83, 86-93, 100, 103, 110-122, 125, 137, 140, 143, 147-158, 162, 169-172, 175, 189-191, 194-211, 214, 221-228, 231, 238-241, 245, 252-258, 261, 292-296, 299-305, 308-336, 375-392, 395-400, 403-442, 460, 464, 468, 471-474, 484, 490, 492, 502, 504, 510-516, 483->484, 489->490, 491->492, 501->502, 503->504, 505->510
/usr/local/lib/python3.4/dist-packages/click/utils.py                                167    115     74      3    25%   13-14, 22, 27-32, 37-42, 53, 78-94, 97, 100-102, 109-120, 124-125, 131-132, 135, 138, 141-142, 148, 151, 154, 157, 160, 163, 213-260, 273-276, 290-293, 320-326, 345-347, 362-364, 402-413, 11->13, 51->66, 52->53
/usr/local/lib/python3.4/dist-packages/dateutil/__init__.py                            1      0      0      0   100%
/usr/local/lib/python3.4/dist-packages/dateutil/_common.py                            22     13      6      0    32%   13-16, 19-24, 29-33
/usr/local/lib/python3.4/dist-packages/dateutil/parser.py                            695    600    387      0     9%   53-66, 82-175, 178, 181-185, 188, 192, 197, 202, 207, 213-214, 217-222, 225, 229, 309, 312-317, 320-325, 328-331, 334-337, 340, 343, 346-349, 352-359, 363-371, 376-378, 382-385, 389, 396-399, 402-408, 411-482, 549-615, 663-1065, 1165-1168, 1183, 1186-1188, 1191-1341, 1348, 1353-1357
/usr/local/lib/python3.4/dist-packages/dateutil/relativedelta.py                     236    204     96      0    10%   99-216, 219-249, 253, 256, 259-266, 280-294, 304-380, 383, 386, 389-391, 409, 427, 447-452, 472-482, 501, 504-509, 514-525, 529
/usr/local/lib/python3.4/dist-packages/dateutil/tz/__init__.py                         2      0      0      0   100%
/usr/local/lib/python3.4/dist-packages/dateutil/tz/_common.py                        143    107     52      1    19%   19-23, 32-50, 65, 85-94, 117-125, 144-150, 153, 170-195, 210-216, 242, 245-252, 255-262, 266-269, 273-303, 319-325, 328-346, 349-358, 362, 367, 370, 377, 30->32
/usr/local/lib/python3.4/dist-packages/dateutil/tz/tz.py                             698    576    324      1    12%   40, 43, 47, 63, 66-69, 75, 78, 95-102, 105, 108, 124, 128, 131-134, 139, 142, 154-163, 166-172, 175-181, 185, 201-202, 206-207, 234-247, 250-253, 259, 262, 272-273, 276-281, 284-287, 298, 301-304, 307-309, 321-322, 348-369, 374-375, 378-594, 598-608, 612-619, 622-624, 640-653, 656-666, 669-675, 678-691, 695-697, 700-702, 709, 712, 715, 718, 800-840, 856-864, 867-870, 879, 913-941, 944-982, 985, 991-996, 1001-1006, 1009-1049, 1052-1057, 1060-1063, 1066-1070, 1074, 1077, 1095-1109, 1115, 1135-1142, 1145-1158, 1161-1276, 1279, 1288-1289, 1293-1363, 1382-1394, 1417-1440, 1448, 1456, 1459, 1462, 1281->1288
/usr/local/lib/python3.4/dist-packages/dateutil/tz/win.py                            151    148     20      0     2%   6-332
/usr/local/lib/python3.4/dist-packages/flask/__init__.py                              17      0      0      0   100%
/usr/local/lib/python3.4/dist-packages/flask/_compat.py                               52     31     26      6    35%   31-33, 38-53, 80-96, 16->exit, 19->38, 24->exit, 25->exit, 26->exit, 79->80
/usr/local/lib/python3.4/dist-packages/flask/app.py                                  560    326    188     20    35%   46-48, 57, 183, 185-188, 347-350, 353, 358-359, 552-555, 557-558, 573-576, 586-589, 599-602, 617-624, 629, 638, 651, 665, 677, 690-711, 724, 741-743, 756-768, 777-780, 827-846, 899-902, 924, 942, 958, 1021, 1038, 1050, 1095-1098, 1103-1113, 1158-1161, 1170, 1179-1188, 1203-1206, 1216, 1238-1241, 1253, 1270-1273, 1285, 1296-1297, 1309-1310, 1323-1324, 1362-1363, 1399-1400, 1408-1409, 1417-1418, 1426-1427, 1434-1454, 1465-1471, 1487-1491, 1503-1518, 1529-1547, 1557, 1570-1576, 1588-1598, 1607-1615, 1630-1639, 1648-1655, 1664-1678, 1688, 1720-1750, 1769, 1781-1786, 1791-1806, 1819-1833, 1848-1859, 1873, 1877, 1879, 1890, 1977-1990, 1994, 1997, 56->57, 346->347, 352->353, 354->356, 356->358, 538->549, 572->573, 650->651, 663->665, 941->942, 1020->1021, 1033->1041, 1034->1038, 1047->exit, 1049->1050, 1768->1769, 1872->1873, 1876->1877, 1878->1879, 1889->1890
/usr/local/lib/python3.4/dist-packages/flask/blueprints.py                           157     75     56      8    45%   115-116, 127-130, 149, 160-164, 171, 182-187, 196-199, 209-211, 222-225, 237-239, 250-253, 265-267, 274-276, 282-284, 290-291, 298-300, 306-308, 317-319, 326-328, 334-336, 342-344, 350-353, 360-362, 369-371, 376-378, 383-385, 398-402, 412, 42->47, 50->55, 67->69, 70->72, 104->106, 114->115, 148->149, 170->171
/usr/local/lib/python3.4/dist-packages/flask/cli.py                                  248    188     82      3    19%   31-45, 55-77, 82-105, 109-114, 118-125, 141-148, 151-159, 162-166, 169-172, 175-184, 197-212, 219-236, 250-251, 268-273, 280-281, 317-327, 330-349, 352-366, 369-374, 407-431, 445-466, 491-507, 511, 304->307, 310->314, 510->511
/usr/local/lib/python3.4/dist-packages/flask/config.py                                90     61     38      2    24%   30, 33, 100-109, 125-137, 167-171, 186-196, 204-219, 249-260, 263, 29->30, 32->33
/usr/local/lib/python3.4/dist-packages/flask/ctx.py                                  151     40     40     17    67%   30, 33-36, 39, 42, 45, 48-51, 75-76, 102-111, 143, 153, 178, 188, 204, 268, 270, 283, 296-297, 311, 321, 324, 352, 360, 384-385, 402, 405, 177->178, 186->191, 187->188, 203->204, 239->241, 310->311, 316->321, 323->324, 333->exit, 348->367, 351->352, 359->360, 363->365, 371->375, 375->378, 382->384, 401->402
/usr/local/lib/python3.4/dist-packages/flask/globals.py                               26      9      6      1    56%   35-38, 42-45, 51, 50->51
/usr/local/lib/python3.4/dist-packages/flask/helpers.py                              317    212    148     13    26%   25-26, 35-36, 61, 107-142, 187-191, 267-337, 359, 385-388, 420-428, 507-602, 622-633, 663-672, 687-718, 732-737, 756, 761-771, 779, 784, 786-795, 816, 857, 880-881, 908, 916-921, 947-949, 960, 59->61, 683->687, 727->732, 754->756, 759->761, 777->779, 783->784, 785->786, 815->816, 819->822, 836->840, 856->857, 858->exit
/usr/local/lib/python3.4/dist-packages/flask/json.py                                  87     61     30      0    22%   36-38, 42-46, 74-80, 93-100, 105-108, 121-126, 131-135, 143-146, 152-155, 183-190, 195, 248-262, 269
/usr/local/lib/python3.4/dist-packages/flask/sessions.py                             143     82     52      2    32%   31, 34, 53-76, 85, 96-107, 118, 130, 200, 206-226, 234, 242, 248, 256-257, 272-275, 283, 291, 315-319, 327-335, 338-364, 313->315, 325->327
/usr/local/lib/python3.4/dist-packages/flask/signals.py                               29      2      2      0    94%   15, 32
/usr/local/lib/python3.4/dist-packages/flask/templating.py                            82     65     30      0    15%   22-30, 40-43, 52, 55-57, 60-77, 80-85, 88-95, 98-109, 115-118, 131-133, 146-148
/usr/local/lib/python3.4/dist-packages/flask/testing.py                               65     42     18      3    31%   20-21, 32, 34-36, 58-59, 82-112, 115-124, 130-133, 136-143, 28->37, 31->32, 33->34
/usr/local/lib/python3.4/dist-packages/flask/views.py                                 42      8     14      2    79%   70, 83-84, 143-149, 86->97, 109->120
/usr/local/lib/python3.4/dist-packages/flask/wrappers.py                              74     50     28      1    25%   22-25, 65-67, 76-77, 85-90, 96, 105-108, 118-123, 139-165, 179-182, 185-193, 95->96
/usr/local/lib/python3.4/dist-packages/flask_restless/__init__.py                      5      0      0      0   100%
/usr/local/lib/python3.4/dist-packages/flask_restless/helpers.py                     267    206    145      1    15%   63, 77-84, 92, 104-109, 114, 124-131, 141-145, 153-156, 163-176, 185-186, 194-195, 204-209, 214, 230-233, 244-255, 263-267, 314-393, 434-467, 480-482, 493-495, 512-542, 561-582, 593-597, 639-656, 618->621
/usr/local/lib/python3.4/dist-packages/flask_restless/manager.py                     127     39     48     18    63%   170-172, 193, 203, 219-223, 301, 303, 320-321, 542-544, 548, 551, 560, 562, 566-570, 583, 585, 638-642, 672-691, 704, 140->exit, 166->170, 292->295, 295->297, 300->301, 302->303, 319->320, 541->542, 547->548, 550->551, 559->560, 561->562, 565->566, 582->583, 584->585, 637->638, 669->672, 696->704
/usr/local/lib/python3.4/dist-packages/flask_restless/search.py                      159    120    102     31    15%   36-52, 123-124, 128, 140, 144, 178-181, 185, 222-237, 242, 244, 249, 254, 285-289, 293-295, 330-338, 395-411, 426-444, 476-521, 546-548, 586-591, 72->exit, 72->exit, 72->exit, 72->exit, 72->exit, 72->exit, 72->exit, 72->exit, 72->exit, 72->exit, 72->exit, 72->exit, 72->exit, 72->exit, 72->exit, 72->exit, 72->exit, 72->exit, 72->exit, 72->exit, 72->exit, 72->exit, 72->exit, 72->exit, 72->exit, 72->exit, 72->exit, 72->exit, 72->exit, 72->exit, 72->exit
/usr/local/lib/python3.4/dist-packages/flask_restless/views.py                       605    513    247      0    11%   101-103, 125-126, 139-146, 156-162, 185-196, 207-208, 219-222, 245-261, 271-277, 301-330, 344-358, 372-386, 403-419, 463-465, 474, 493-514, 664-721, 734-748, 771-781, 809-819, 844-850, 889-905, 916-919, 928-934, 960-982, 993-1002, 1012-1054, 1064-1067, 1137-1222, 1238-1281, 1295-1340, 1361-1395, 1417-1471, 1498-1596, 1600
/usr/local/lib/python3.4/dist-packages/flask_sqlalchemy/__init__.py                  479    177    172     40    56%   39, 52-57, 73, 101, 104, 112-123, 149, 162-163, 170-177, 181-188, 192-201, 205-211, 215-222, 226-231, 239-240, 243-246, 253-254, 259-263, 301, 315-323, 328-332, 336-338, 343-345, 350, 354-356, 361, 366-368, 395-404, 417-420, 425-428, 447-487, 499-500, 505, 508, 525-529, 542, 545, 569, 573, 584, 596, 605, 752, 758, 818, 838, 849-850, 859, 876-879, 894-902, 906, 912, 953-956, 988-991, 1015, 1023, 1026, 38->39, 62->exit, 70->75, 72->73, 148->149, 158->164, 161->162, 497->exit, 504->505, 507->508, 523->525, 541->542, 544->545, 565->exit, 568->569, 571->565, 572->573, 583->584, 595->596, 604->605, 643->649, 751->752, 774->777, 805->808, 817->818, 837->838, 848->849, 858->859, 875->876, 880->908, 883->900, 887->889, 893->894, 905->906, 909->911, 911->912, 950->953, 965->964, 986->988, 995->998
/usr/local/lib/python3.4/dist-packages/flask_sqlalchemy/_compat.py                    16      6      2      1    61%   18-26, 17->18
/usr/local/lib/python3.4/dist-packages/itsdangerous.py                               413    294    102      3    24%   25-28, 48, 51, 62-64, 69, 86-97, 109-110, 113, 116-118, 135-138, 148-154, 163-170, 183-191, 206-207, 215-216, 220-225, 229, 239, 243, 252, 264, 268-269, 309-320, 329-342, 346-349, 353, 357-362, 366-373, 379-383, 398, 404, 408-412, 421-467, 472-476, 514-523, 531-541, 550, 556-558, 565-569, 575, 581-582, 586, 601, 608-617, 624, 642-647, 650-652, 674-679, 682-708, 711-713, 716-719, 722-727, 731-733, 740-742, 748-756, 759-760, 780-783, 786-791, 794-811, 814-816, 819, 829-844, 847-856, 24->25, 115->116, 263->264
/usr/local/lib/python3.4/dist-packages/jinja2/__init__.py                             18      2      2      1    85%   77-78, 76->77
/usr/local/lib/python3.4/dist-packages/jinja2/_compat.py                              63     31     22      3    46%   36-38, 50-82, 98-99, 20->50, 27->exit, 28->exit
/usr/local/lib/python3.4/dist-packages/jinja2/_stringdefs.py                          34     30     14      1    10%   23-71, 22->23
/usr/local/lib/python3.4/dist-packages/jinja2/bccache.py                             161    118     42      1    22%   36-45, 70-73, 77, 82-96, 100-104, 108, 112-114, 151, 158, 168-174, 178, 184-188, 192, 214-217, 220-258, 261, 264-269, 272-276, 282-288, 339-342, 345-352, 355-362, 31->36
/usr/local/lib/python3.4/dist-packages/jinja2/compiler.py                           1094    949    461      1     9%   41, 50, 57-58, 66-70, 77-84, 89-105, 112-118, 124-127, 134-162, 166-169, 173, 182-184, 197-198, 201-202, 205-206, 219-220, 223-228, 245-303, 309, 313-314, 318-319, 323-337, 341, 345, 349-352, 356-357, 361-363, 369-374, 378-389, 393-394, 398-401, 412-454, 458-466, 470-484, 487-492, 495-497, 501-574, 578-582, 589-592, 595, 604-606, 615, 619, 625-626, 630-632, 636, 642-663, 669-781, 786-811, 815-858, 862-912, 916-933, 937-991, 995-1122, 1125-1136, 1139-1147, 1150-1155, 1158-1166, 1169-1178, 1181-1182, 1187-1327, 1330-1335, 1338-1353, 1358-1374, 1377-1381, 1384-1387, 1391-1397, 1400-1405, 1408-1415, 1420-1431, 1437-1444, 1463-1474, 1478-1480, 1483-1484, 1488-1490, 1495-1505, 1508-1515, 1519-1547, 1551-1556, 1560-1573, 1577-1588, 1591-1592, 1597-1599, 1602-1604, 1607, 1610, 1613, 1616, 1619, 1622, 1625, 1628-1632, 1635-1643, 1646-1653, 40->41
/usr/local/lib/python3.4/dist-packages/jinja2/defaults.py                             20      0      2      0   100%
/usr/local/lib/python3.4/dist-packages/jinja2/environment.py                         515    410    183      0    16%   49-57, 62-66, 71-75, 82-87, 91-97, 102-110, 299-338, 345, 352-354, 376-399, 405, 410-423, 429-436, 449-467, 474-477, 489-493, 497, 509-514, 521, 528-534, 542, 551, 575-591, 621-636, 663-731, 749-758, 765-780, 792, 796-807, 826-830, 844-857, 868-872, 878-880, 884-886, 938-945, 952-959, 968, 972-991, 1003-1008, 1020, 1027, 1037-1045, 1052, 1063, 1073, 1082, 1087-1090, 1106, 1112-1115, 1120-1122, 1127, 1131-1135, 1146-1155, 1158, 1161, 1164-1168, 1178-1179, 1182-1187, 1203-1204, 1215-1233, 1237-1238, 1241-1257, 1261-1265, 1268, 1271
/usr/local/lib/python3.4/dist-packages/jinja2/exceptions.py                           70     48     28      1    28%   18-31, 34, 38-41, 53-58, 61, 73-77, 85-93, 97-116, 17->18
/usr/local/lib/python3.4/dist-packages/jinja2/filters.py                             356    274    150      0    16%   61-71, 76-78, 87-97, 118-127, 132, 137, 164-173, 180, 187, 209-222, 253-264, 284-286, 312-336, 341, 347-350, 356-359, 365-368, 377-398, 407, 434-445, 459-463, 491-500, 517-520, 527, 539-548, 556-559, 571-574, 579, 585-587, 610-623, 645-654, 683-688, 739-740, 760-762, 769, 776, 781, 788-798, 809-823, 849-852, 871, 889, 910, 929, 958-964, 968-986, 990-1011, 1015-1019
/usr/local/lib/python3.4/dist-packages/jinja2/idtracking.py                          195    149     86      0    16%   12-16, 20-22, 28-35, 38-39, 42-46, 49-52, 55-58, 61-65, 68-73, 76-91, 94-95, 98-100, 103-126, 129-136, 139-146, 152, 155-156, 163-164, 167-168, 171-184, 187-190, 193, 201, 205-210, 213-227, 230, 233-234, 237-242, 246-247, 253, 256, 259, 262-263, 267
/usr/local/lib/python3.4/dist-packages/jinja2/lexer.py                               351    227    143      1    28%   40-41, 158-160, 178-180, 185-191, 198, 203-221, 230-231, 234, 243, 246-250, 259-263, 267-270, 273, 287, 290, 293-298, 309-315, 318, 321, 328, 332-336, 340-341, 347-348, 352, 356-364, 368-370, 376-390, 395-411, 424-488, 552, 557-558, 564-595, 601-735, 324->exit
/usr/local/lib/python3.4/dist-packages/jinja2/loaders.py                             223    170     68      0    18%   26-34, 88-91, 97, 107-134, 161-165, 168-187, 190-202, 222-229, 232-248, 251-267, 280, 283-286, 289, 311, 314-319, 338-339, 342-347, 350-356, 360-366, 369-373, 391, 394-399, 403-408, 411-414, 437-455, 459, 463, 467-480
/usr/local/lib/python3.4/dist-packages/jinja2/nodes.py                               433    228    135      2    37%   82-87, 90, 93-94, 98-104, 128-145, 155-162, 169-175, 181-182, 188-192, 200-206, 210-217, 221-226, 229, 233, 239, 246-271, 408, 412, 422-431, 441-450, 464, 482-489, 497-500, 508-513, 524-525, 528-531, 539-540, 550-551, 559-560, 568-569, 579-587, 600-638, 663-670, 673, 683-690, 693, 703-708, 718-719, 729-738, 793-794, 802-803, 860, 869-870, 882-888, 938, 43->exit, 43->exit
/usr/local/lib/python3.4/dist-packages/jinja2/optimizer.py                            17      8      0      0    53%   26-27, 33, 37-43
/usr/local/lib/python3.4/dist-packages/jinja2/parser.py                              639    580    279      0     6%   39-50, 57-59, 62-90, 97, 101-104, 108-112, 116-119, 123-147, 160-174, 178-185, 189-203, 208-225, 228-244, 247-253, 256-270, 273-275, 278-284, 287-295, 298-302, 305-341, 344-357, 360-371, 374-378, 381-386, 389-395, 406-419, 426-428, 431-441, 444-450, 453-459, 462-465, 468-487, 490-498, 501-508, 511-519, 522-529, 532-545, 548-579, 601-634, 637-646, 649-661, 664-674, 677-689, 692-715, 718-746, 749-792, 796-813, 816-844, 847-892, 896-898
/usr/local/lib/python3.4/dist-packages/jinja2/runtime.py                             396    280    148     10    25%   42-48, 53, 59-73, 81, 84-85, 88, 95, 105-119, 123-127, 155-170, 174-182, 188-191, 197-203, 209-214, 218, 225-229, 239-260, 269-273, 287-289, 293, 299-302, 305, 316-317, 324-327, 332-336, 341-344, 354-356, 360-362, 372, 376-379, 387, 397-408, 412-421, 424, 427-430, 439, 442, 445-451, 460-471, 493-547, 551-554, 557, 582-585, 592-607, 611-613, 623, 626, 629, 632, 635, 638, 642, 646, 669-727, 747-754, 35->exit, 102->105, 276->exit, 286->287, 364->exit, 365->exit, 366->exit, 367->exit, 368->exit, 369->exit
/usr/local/lib/python3.4/dist-packages/jinja2/tests.py                                55     27      0      0    51%   26, 31, 36, 53, 58, 63, 68, 73, 78, 86, 91, 98-103, 125, 138, 143-147, 152, 157, 162
/usr/local/lib/python3.4/dist-packages/jinja2/utils.py                               295    205     86      1    24%   56-57, 79-80, 101-102, 107-108, 117-120, 134-146, 153-157, 165-174, 181-186, 203-235, 240-284, 295-303, 328, 335-336, 339, 343-346, 350-353, 359-367, 371-376, 380, 384, 387, 398-412, 418-427, 433-442, 446-448, 452, 456, 460, 464, 470, 478, 487-488, 529-542, 563-570, 578-581, 585, 590, 594-596, 605-606, 609-612, 618, 34->exit
/usr/local/lib/python3.4/dist-packages/jinja2/visitor.py                              40     31     22      0    15%   31-32, 36-39, 43-44, 59-78, 84-87
/usr/local/lib/python3.4/dist-packages/markupsafe/__init__.py                        156     88     58     10    37%   72-76, 79, 82-84, 87-89, 92-94, 98-102, 105, 111, 115, 119, 123, 134-148, 158-159, 167-170, 175-177, 191, 194, 200-203, 206-209, 213, 227-229, 232-240, 243, 246, 253, 256-271, 276-279, 286-287, 300-301, 189->198, 198->212, 212->213, 249->274, 289->exit, 290->exit, 291->exit, 292->exit, 293->exit, 303->exit
/usr/local/lib/python3.4/dist-packages/markupsafe/_compat.py                          14      5      6      2    55%   22-26, 15->22, 20->exit
/usr/local/lib/python3.4/dist-packages/mimeparse.py                                   62     47     24      0    17%   26-39, 58-66, 80-120, 135, 150-152, 171-184, 189-191
/usr/local/lib/python3.4/dist-packages/mimerender.py                                 285    175     72      6    34%   74-76, 81-82, 85-88, 91-93, 97-112, 161, 166-167, 197-198, 203-267, 283-298, 301, 304, 307, 310, 313, 318-335, 345, 348, 351, 354, 357-360, 365-382, 390-408, 420-428, 432-433, 436-437, 440-441, 444-445, 448-450, 458-463, 160->161, 170->172, 172->174, 175->178, 184->197, 268->273
/usr/local/lib/python3.4/dist-packages/sqlalchemy/__init__.py                         13      0      2      0   100%
/usr/local/lib/python3.4/dist-packages/sqlalchemy/dialects/__init__.py                23      7      8      3    68%   30, 36-41, 44-45, 52, 29->30, 35->36, 48->52
/usr/local/lib/python3.4/dist-packages/sqlalchemy/dialects/sqlite/__init__.py          4      0      0      0   100%
/usr/local/lib/python3.4/dist-packages/sqlalchemy/dialects/sqlite/base.py            502    325    188     15    28%   488-492, 507-511, 514-519, 522-526, 570-577, 583-613, 616-620, 659-674, 677-681, 720-727, 730-746, 749-753, 806, 809, 812, 815, 818, 824, 827-833, 841-843, 850, 853, 857, 869, 879, 887, 901, 912, 925-950, 955, 958-962, 965-969, 972-976, 1004-1012, 1018, 1029-1032, 1104-1114, 1129, 1133-1136, 1140-1142, 1148-1151, 1155-1163, 1167-1171, 1175-1179, 1188-1197, 1201-1222, 1226-1236, 1239-1244, 1270-1304, 1308-1321, 1327-1438, 1441-1442, 1448-1493, 1498-1519, 1523-1544, 1548-1559, 1564, 1574, 821->824, 838->840, 840->841, 868->869, 875->879, 883->887, 895->903, 897->901, 911->912, 1080->exit, 1120->1129, 1131->1133, 1139->1140, 1563->1564, 1570->1574
/usr/local/lib/python3.4/dist-packages/sqlalchemy/dialects/sqlite/pysqlcipher.py      34     21      6      0    32%   91-98, 102, 105-119, 122-128
/usr/local/lib/python3.4/dist-packages/sqlalchemy/dialects/sqlite/pysqlite.py         67     21     22      5    57%   277-280, 283-286, 291-294, 297-300, 325, 338-339, 344-347, 354, 362, 374, 314->317, 322->exit, 324->325, 353->354, 361->362
/usr/local/lib/python3.4/dist-packages/sqlalchemy/engine/__init__.py                  19      5      2      0    67%   422-428
/usr/local/lib/python3.4/dist-packages/sqlalchemy/engine/base.py                     737    425    296     47    36%   81-87, 110, 128-131, 149, 317, 347-351, 384-387, 416, 419-429, 437, 458, 473, 488, 529-538, 565, 602, 608, 624-631, 650-660, 663, 666, 669, 673, 679, 682, 688-689, 695, 699, 702-703, 710, 716, 719, 722-723, 731-741, 744-751, 754-761, 764-775, 778-785, 788-803, 806-820, 823-824, 846-852, 855-856, 877, 942-943, 950, 956-981, 987-988, 1005, 1013-1014, 1023, 1056, 1063-1080, 1086-1087, 1100, 1113-1114, 1117-1118, 1134-1135, 1140-1141, 1149-1155, 1161-1167, 1173-1176, 1183-1184, 1192, 1212, 1228-1229, 1235-1236, 1240-1241, 1248-1249, 1257, 1270-1272, 1284-1408, 1412-1459, 1503-1510, 1525, 1538-1546, 1601-1604, 1611, 1616, 1622, 1627, 1630, 1633-1640, 1668-1669, 1672-1673, 1677-1678, 1694-1697, 1705-1708, 1711, 1714, 1762, 1767, 1769, 1788-1791, 1858, 1865, 1872, 1877, 1901-1903, 1906-1907, 1915, 1924-1926, 1929, 1932-1937, 1972-1978, 2019-2020, 2035-2036, 2054-2055, 2058, 2061-2062, 2065-2066, 2082, 2116-2119, 2133, 2139-2144, 2167, 2173-2181, 2184, 2187, 2192, 2196, 80->81, 109->110, 148->149, 316->317, 601->602, 604->608, 678->679, 681->682, 686->exit, 694->695, 697->710, 698->699, 705->708, 715->716, 718->719, 725->728, 845->846, 860->866, 866->868, 986->987, 1004->1005, 1012->1013, 1018->1023, 1055->1056, 1085->1086, 1099->1100, 1130->1133, 1133->1134, 1139->1140, 1148->1149, 1160->1161, 1172->1173, 1177->1191, 1191->1192, 1211->1212, 1227->1228, 1234->1235, 1238->1240, 1256->1257, 1610->1611, 1621->1622, 1649->exit, 1653->exit, 1761->1762, 1766->1767, 1768->1769, 1911->1915
/usr/local/lib/python3.4/dist-packages/sqlalchemy/engine/default.py                  555    241    213     39    49%   89-92, 184, 194, 198, 200, 205, 207, 211, 218, 223, 236, 240, 246-247, 257-258, 264, 280, 284, 291, 301-306, 325, 330, 339-355, 370-371, 379, 387, 396-398, 401-415, 419, 422-423, 426-433, 446, 455, 458, 461, 464, 467, 473, 476, 482, 535-536, 539-540, 550, 579, 590, 607-610, 628-652, 675-687, 694-695, 706-712, 716, 720, 724-729, 733, 762-782, 786, 795-813, 817-818, 824, 871, 875, 884, 887, 898-899, 905-909, 914-917, 940, 949, 955-958, 964-971, 980, 993-1030, 1034-1045, 1048-1051, 1054-1057, 1060-1094, 1097-1116, 83->89, 183->184, 193->194, 195->198, 199->200, 204->205, 206->207, 210->211, 217->218, 222->223, 262->264, 283->284, 288->291, 324->325, 329->330, 386->387, 418->419, 421->422, 534->535, 538->539, 547->550, 578->579, 589->590, 606->607, 618->628, 671->676, 672->675, 692->694, 792->795, 816->817, 874->875, 892->898, 904->905, 910->925, 913->914, 919->925, 933->949, 935->941, 939->940
/usr/local/lib/python3.4/dist-packages/sqlalchemy/engine/interfaces.py               149     58      0      0    61%   176, 191, 208, 229, 262, 275, 292, 318, 323, 331, 340, 348, 358, 377, 400, 423, 433, 443, 454, 464, 475, 510, 521, 532, 546, 556, 566, 576, 585, 595, 605, 619, 634, 644, 650, 656, 666, 672, 689, 714, 739, 769, 901, 1019, 1029, 1039, 1047, 1053, 1059, 1066, 1076, 1111, 1121, 1131, 1135, 1142, 1146, 1149
/usr/local/lib/python3.4/dist-packages/sqlalchemy/engine/reflection.py               245    206    121      0    11%   40-56, 99-112, 133-135, 139, 150, 156-159, 199-211, 237-266, 280, 292, 309-313, 323, 334, 367-375, 386, 410, 445, 479, 506, 532, 558-623, 631-669, 672-680, 685-699, 704-745, 754-787, 797-829, 835-842
/usr/local/lib/python3.4/dist-packages/sqlalchemy/engine/result.py                   574    404    235     13    24%   29-34, 39-101, 116, 119, 125-128, 133, 138, 141, 144, 147, 150, 153, 156, 161, 166, 171, 174, 177, 184-185, 208, 225-227, 255-279, 298, 384-398, 417-445, 449-476, 479-495, 498-503, 507-521, 524-568, 571-574, 580-583, 586, 593, 607-615, 658-659, 664-669, 676-679, 684, 689-692, 737-738, 757-760, 774, 788, 819, 825, 865-867, 870-875, 904-918, 929-940, 951-962, 980, 990, 1004-1012, 1026-1034, 1043, 1052, 1055-1058, 1061-1067, 1072-1073, 1076-1084, 1092-1097, 1123-1124, 1147-1153, 1174-1182, 1195-1211, 1222-1226, 1260-1263, 1281-1287, 1290-1291, 1294-1300, 1303-1311, 1314-1319, 1332-1333, 1336, 1339-1340, 1343-1346, 1349-1357, 1360-1364, 1370-1378, 1397-1412, 1417-1423, 1428-1436, 203->208, 218->225, 248->294, 254->255, 297->298, 361->384, 577->580, 585->586, 674->676, 683->684, 818->819, 823->825, 1091->1092
/usr/local/lib/python3.4/dist-packages/sqlalchemy/engine/strategies.py               147     52     60     17    59%   42, 60-64, 79, 85, 100-104, 111, 128, 131, 135-140, 147, 153, 167-175, 186, 189, 224-237, 241-242, 251, 254, 257, 261-264, 268-270, 276-277, 281, 59->60, 75->82, 78->79, 84->85, 97->135, 99->100, 110->111, 127->128, 130->131, 146->147, 152->153, 164->184, 166->167, 185->186, 188->189, 244->exit, 246->exit
/usr/local/lib/python3.4/dist-packages/sqlalchemy/engine/threadlocal.py               80     55     22      0    25%   24-25, 28-29, 32-34, 37-38, 49-50, 53-68, 71-75, 78-82, 85-88, 91, 94-97, 100-103, 106-110, 113-117, 120-121, 125, 130-135, 138
/usr/local/lib/python3.4/dist-packages/sqlalchemy/engine/url.py                      117     62     54      7    39%   60, 67-87, 90, 93, 96, 99, 109-112, 115-118, 138, 146, 154-156, 172-183, 220-225, 231, 234, 242, 247, 251, 255-261, 59->60, 135->138, 143->146, 217->242, 219->220, 230->231, 233->234
/usr/local/lib/python3.4/dist-packages/sqlalchemy/engine/util.py                      33     28     14      0    11%   18-27, 31-70, 73-74
/usr/local/lib/python3.4/dist-packages/sqlalchemy/event/__init__.py                    4      0      0      0   100%
/usr/local/lib/python3.4/dist-packages/sqlalchemy/event/api.py                        24      3      4      2    82%   27, 178, 188, 22->27, 24->22
/usr/local/lib/python3.4/dist-packages/sqlalchemy/event/attr.py                      205     73     58     11    61%   73, 75-80, 84-88, 91-104, 136-143, 148-152, 206, 210, 221, 254, 259, 265, 286, 307-319, 322-324, 329, 332-334, 337-339, 346-350, 354, 357, 360-361, 364, 367, 370, 373, 72->73, 74->75, 118->120, 124->126, 203->206, 242->exit, 244->exit, 253->254, 285->286, 327->exit, 328->329
/usr/local/lib/python3.4/dist-packages/sqlalchemy/event/base.py                      123     25     40      1    75%   40-45, 94-95, 133, 138-141, 145-146, 192-195, 235, 243, 247, 263-266, 270, 216->235
/usr/local/lib/python3.4/dist-packages/sqlalchemy/event/legacy.py                     56     18     28      1    63%   26-51, 18->20
/usr/local/lib/python3.4/dist-packages/sqlalchemy/event/registry.py                  131     66     46      3    42%   53-62, 74, 85-98, 102-120, 124-136, 176-179, 207-220, 225, 236, 251, 254-255, 258-262, 73->74, 235->236, 247->251
/usr/local/lib/python3.4/dist-packages/sqlalchemy/events.py                          101     34     24      2    55%   282-285, 287, 557-590, 1113-1117, 1121-1129, 281->282, 286->287
/usr/local/lib/python3.4/dist-packages/sqlalchemy/exc.py                             110     53     22      0    43%   38, 76-82, 85, 102, 159-160, 163, 172-174, 177, 237-241, 244, 247, 251-259, 264, 297-323, 326, 330-342
/usr/local/lib/python3.4/dist-packages/sqlalchemy/ext/__init__.py                      2      0      0      0   100%
/usr/local/lib/python3.4/dist-packages/sqlalchemy/ext/associationproxy.py            545    375    213      2    24%   76, 147-159, 175, 191, 211, 214, 225, 232-235, 239, 244, 247-266, 269-283, 286-288, 291-295, 298-305, 308-330, 337-346, 349-358, 364, 375-395, 409-419, 431-436, 441-447, 452, 458-459, 462-467, 470, 473-474, 503-507, 512, 515, 520, 523-525, 532, 535, 538, 541-544, 547-574, 577, 580-584, 587, 590-591, 594, 604-606, 609-610, 613, 617-618, 621, 624, 627-631, 636, 641, 644, 647, 650, 653, 656, 659, 662, 665, 668-672, 675-679, 682-684, 688-689, 696-702, 705, 708, 711, 727, 730, 733, 736, 739-742, 745, 749, 753, 756, 759, 762, 765, 768, 771, 774, 777, 780, 783, 786-789, 792-796, 799, 802-815, 818, 821, 824-828, 831-832, 835-856, 859, 862, 875, 878, 881, 884, 887-890, 895-899, 908-910, 913-914, 919-922, 925-929, 932-935, 938-939, 942-946, 949, 952, 957, 962-963, 966-970, 973, 978-985, 988-998, 1001, 1006-1013, 1016-1026, 1029, 1032, 1035, 1038, 1041, 1044, 1047, 1050, 1053, 1056, 1059, 1062, 509->exit, 801->802
/usr/local/lib/python3.4/dist-packages/sqlalchemy/ext/declarative/__init__.py          2      0      0      0   100%
/usr/local/lib/python3.4/dist-packages/sqlalchemy/ext/declarative/api.py             156     91     54      7    35%   33-39, 55-58, 89-91, 112-114, 177-183, 185, 192, 233, 238, 241-243, 246, 317, 332, 367-372, 422, 429-436, 530, 534-579, 655-667, 673-677, 685-686, 690, 176->177, 184->185, 316->317, 319->322, 326->329, 329->331, 331->332
/usr/local/lib/python3.4/dist-packages/sqlalchemy/ext/declarative/base.py            349    145    224     48    50%   30, 33, 40, 43-48, 65, 74, 86, 100, 142-144, 147-149, 170-180, 188-199, 201-207, 213, 215, 221-235, 238, 251-268, 279, 283, 290-291, 295-298, 306, 311, 330-336, 351, 371, 380-386, 390, 397-401, 415, 419-420, 427, 433-463, 468, 476-477, 483, 490-518, 526, 544, 548, 552-553, 557, 567, 571-588, 596-597, 610-612, 614-618, 620, 627-628, 648-654, 29->30, 32->33, 39->40, 42->43, 64->65, 69->74, 85->86, 99->100, 141->142, 146->147, 169->170, 182->168, 187->188, 200->201, 211->213, 214->215, 220->221, 237->238, 250->251, 278->279, 282->283, 285->290, 293->295, 303->306, 310->311, 329->330, 346->328, 350->351, 370->371, 375->397, 376->405, 379->380, 389->390, 414->415, 416->419, 424->427, 432->433, 467->468, 475->476, 482->483, 485->490, 525->526, 609->610, 613->614, 619->620, 624->627, 659->661, 661->exit
/usr/local/lib/python3.4/dist-packages/sqlalchemy/ext/declarative/clsregistry.py     184     73     81     10    52%   36-38, 64, 83, 86-98, 101-105, 111-123, 146, 149, 152-155, 158, 170-171, 185-196, 208-225, 235-236, 239, 246, 263-277, 286-288, 326, 34->36, 63->64, 169->170, 173->exit, 227->exit, 245->246, 261->263, 283->286, 320->328, 324->326
/usr/local/lib/python3.4/dist-packages/sqlalchemy/ext/hybrid.py                       84     50     12      0    35%   689-690, 693-696, 702-705, 734-738, 741-744, 747-749, 752-754, 759-760, 766-767, 773-778, 789-797, 808, 811-814, 818, 823-824, 827, 831, 835, 838, 841
/usr/local/lib/python3.4/dist-packages/sqlalchemy/inspection.py                       28      2     14      2    90%   72, 83, 69->72, 82->83
/usr/local/lib/python3.4/dist-packages/sqlalchemy/interfaces.py                       69     47      8      0    29%   83-93, 191-250, 256, 262, 267, 272, 277, 282, 287, 292, 297, 302, 307, 312
/usr/local/lib/python3.4/dist-packages/sqlalchemy/log.py                              79     33     24      5    50%   33-36, 89-96, 104, 109, 114, 122, 127-128, 133, 147-155, 160-162, 167-170, 177, 194, 211-214, 28->32, 44->exit, 45->exit, 176->177, 186->194
/usr/local/lib/python3.4/dist-packages/sqlalchemy/orm/__init__.py                     79     20      4      0    73%   104-107, 115, 134-135, 177, 195, 218-228, 253, 258
/usr/local/lib/python3.4/dist-packages/sqlalchemy/orm/attributes.py                  662    343    256     39    44%   71-72, 79, 84, 127, 139, 143, 146, 152, 155-156, 163, 172, 178, 181, 184-187, 197, 210, 227, 250-322, 364, 370, 373, 449, 462, 467, 470, 490-493, 509-528, 531, 549, 556-558, 579, 581-582, 589, 591-595, 609, 612, 616, 621, 627-631, 665-666, 671-679, 686, 691, 696, 701, 707-712, 715-716, 721, 740-744, 762, 772, 781, 790, 802-805, 816-823, 827-829, 839-840, 869-895, 898-899, 902-903, 906, 909-913, 918-945, 948-958, 961, 964-971, 974-982, 987-989, 993-998, 1001-1008, 1011-1018, 1021-1027, 1031-1084, 1087-1088, 1093-1115, 1124-1129, 1141, 1155, 1161-1167, 1180, 1193, 1201, 1204, 1213-1219, 1293, 1300, 1306, 1312, 1333, 1337-1352, 1360, 1364, 1374, 1376, 1382-1406, 1431-1440, 1444, 1449-1451, 1455-1461, 1482, 1493, 1513, 1534-1536, 1542-1544, 1562-1563, 1576-1577, 1590-1591, 1604-1605, 1615-1617, 67->exit, 70->71, 448->449, 506->509, 555->556, 573->602, 578->579, 580->581, 588->589, 590->591, 626->627, 685->686, 688->691, 695->696, 700->701, 761->762, 767->772, 774->782, 776->781, 789->790, 799->802, 826->827, 838->839, 1154->1155, 1156->1161, 1174->1189, 1178->1180, 1181->1189, 1192->1193, 1199->1201, 1202->1204, 1331->1337, 1332->1333, 1359->1360, 1363->1364, 1371->1374, 1375->1376, 1481->1482, 1492->1493
/usr/local/lib/python3.4/dist-packages/sqlalchemy/orm/base.py                        153     41     34      8    65%   219, 225-228, 236-239, 243, 247, 288, 300, 306-310, 318-322, 339-342, 346-350, 354-355, 368-369, 371-372, 376, 380-381, 394, 400, 423-426, 532, 287->288, 299->300, 367->368, 370->371, 373->376, 393->394, 399->400, 422->423
/usr/local/lib/python3.4/dist-packages/sqlalchemy/orm/collections.py                 682    380    252     19    36%   134-135, 138, 141, 144-155, 166-167, 170, 173-182, 198-199, 202, 206-212, 215-224, 240-244, 249-250, 253, 256, 272-273, 289, 399-400, 438-439, 493-496, 513-517, 535-538, 555-558, 582-588, 591, 596, 606, 609, 614, 618, 622-624, 627, 631, 635, 640-642, 647-649, 654, 658, 661, 674-682, 692-695, 707-709, 715, 722-728, 750-769, 793-794, 800, 813-823, 833, 871-873, 875-877, 879, 881, 912, 917, 920, 925, 928, 939, 957-1008, 1014-1018, 1023-1026, 1031-1033, 1045-1046, 1052-1055, 1061-1062, 1068-1102, 1108-1118, 1123-1138, 1142-1143, 1151-1153, 1159-1162, 1169-1171, 1196-1199, 1205-1207, 1213-1215, 1221-1226, 1232-1235, 1241-1245, 1251-1263, 1278, 1283, 1298-1301, 1308-1311, 1318-1321, 1327-1330, 1336-1337, 1343-1344, 1350-1354, 1360-1361, 1367-1371, 1377-1383, 1389-1398, 1404-1410, 1416-1425, 1494, 1501-1502, 1509-1519, 1535-1543, 784->788, 791->793, 797->804, 799->800, 832->833, 870->871, 874->875, 878->879, 880->881, 893->exit, 901->899, 911->912, 915->917, 919->920, 923->925, 927->928, 938->939, 1122->1123, 1166->1180
/usr/local/lib/python3.4/dist-packages/sqlalchemy/orm/dependency.py                  478    303    333     37    30%   31, 37, 41, 57, 108-212, 219, 222, 225, 228, 255, 261-278, 291, 294-301, 307-313, 316, 319, 332-341, 371-414, 433-437, 454, 470-480, 485-488, 512-520, 532, 552, 555-557, 561-562, 575, 603-612, 637-681, 687-705, 712-725, 735-743, 759, 765, 770-774, 777, 804-808, 811-815, 820, 823, 826-829, 832-836, 839, 846-847, 850-862, 865-882, 889, 903, 926-938, 946-951, 957-987, 991-1024, 1028-1091, 1096-1136, 1142-1162, 1165, 30->31, 34->37, 40->41, 254->255, 258->261, 331->332, 431->426, 432->433, 439->426, 441->440, 451->454, 460->484, 462->461, 469->470, 484->485, 502->exit, 510->505, 511->512, 522->505, 525->523, 531->532, 547->542, 551->552, 554->555, 560->561, 574->575, 602->603, 686->687, 711->712, 728->735, 754->758, 758->759, 763->765, 767->770, 776->777, 800->808, 801->804
/usr/local/lib/python3.4/dist-packages/sqlalchemy/orm/deprecated_interfaces.py        83     46     20      0    42%   61, 65, 82-115, 126, 139, 153, 173, 194, 204, 236, 246, 261, 271, 304-320, 453-459, 470, 478, 487
/usr/local/lib/python3.4/dist-packages/sqlalchemy/orm/descriptor_props.py            250    199    106      0    17%   30-76, 146-159, 162-163, 170, 178-231, 235, 242-257, 261, 268-275, 280-321, 328, 335-362, 367, 371-372, 376-379, 404, 407, 411, 416-424, 427-437, 440, 443, 465-472, 475-493, 560-570, 577, 580-586, 589-614, 690-696, 699
/usr/local/lib/python3.4/dist-packages/sqlalchemy/orm/dynamic.py                     197     75     78     10    55%   30, 59, 61, 66-70, 74-79, 83, 87, 104-113, 132-161, 165, 168, 203-204, 208, 226, 229-236, 240-246, 249-255, 258-264, 274, 281, 291-292, 297, 302, 335, 358, 364-367, 29->30, 58->59, 60->61, 91->94, 99->exit, 198->exit, 225->226, 271->280, 273->274, 280->281
/usr/local/lib/python3.4/dist-packages/sqlalchemy/orm/evaluator.py                    88     70     50      0    16%   30, 33-37, 40, 43, 46, 49, 52-65, 68-94, 97-117, 120-128, 133-137
/usr/local/lib/python3.4/dist-packages/sqlalchemy/orm/events.py                      285    135    100     10    42%   57-60, 64-84, 90-91, 120, 179-192, 201-203, 208-209, 214-215, 425, 429, 436-456, 460-465, 471-479, 487, 574-586, 591-627, 631-632, 1118, 1157-1180, 1863, 1877, 1880-1888, 1893-1896, 2175-2187, 177->179, 200->201, 207->208, 470->471, 1502->exit, 1528->exit, 1862->1863, 1876->1877, 1879->1880, 1892->1893
/usr/local/lib/python3.4/dist-packages/sqlalchemy/orm/exc.py                          60     35     14      0    34%   69-83, 86, 93-95, 98, 122-126, 129, 145-151, 156-165
/usr/local/lib/python3.4/dist-packages/sqlalchemy/orm/identity.py                    210    111     60     13    42%   21, 24, 27, 32, 35, 38, 49, 62, 65, 68, 71, 77, 80, 83, 89-93, 98-99, 102-105, 114, 128-130, 137-141, 145-146, 150, 154, 158-164, 167-174, 177, 181-185, 189, 197-200, 210, 227-231, 234, 237, 240, 243, 246, 249, 252, 255, 260-269, 272-283, 287-288, 291, 294-298, 301-306, 311-321, 43->exit, 48->49, 97->98, 113->114, 124->139, 127->128, 149->150, 153->154, 179->181, 188->189, 203->exit, 205->exit, 226->227
/usr/local/lib/python3.4/dist-packages/sqlalchemy/orm/instrumentation.py             253    107     89     14    49%   69, 77, 82, 89, 92, 116, 127-134, 155-158, 171-173, 188, 192, 203, 207, 211-212, 220-221, 224-230, 237-250, 255-262, 266, 272, 276, 283-285, 291-294, 297-300, 303, 307, 312-316, 319-321, 324, 327, 336, 344, 352, 356, 365, 378-380, 383-400, 434-439, 471, 482, 512-513, 524, 526, 68->69, 76->77, 81->82, 210->211, 219->220, 265->266, 275->276, 335->336, 337->344, 414->418, 463->465, 511->512, 523->524, 525->526
/usr/local/lib/python3.4/dist-packages/sqlalchemy/orm/interfaces.py                  149     26     18      7    80%   110, 142, 211, 245, 346, 349, 355, 361, 372, 376, 380, 384, 388, 407, 425, 443, 496-497, 514, 524, 562-564, 591, 630, 655, 369->372, 495->496, 513->514, 523->524, 536->exit, 557->564, 558->557
/usr/local/lib/python3.4/dist-packages/sqlalchemy/orm/loading.py                     343    158    234     53    48%   44-45, 61, 67-69, 77, 88-90, 97-133, 150, 154, 157-159, 162, 173, 176-177, 189-193, 207-208, 210-211, 224-225, 235, 266-270, 290, 309, 315, 318, 326, 343, 356, 364, 397-419, 432-433, 441-444, 446, 453, 473, 483, 501-507, 509, 511-533, 544-547, 556-559, 561-562, 564-565, 567-568, 575-585, 596-632, 641, 655-657, 675-682, 687-692, 703, 40->52, 41->44, 60->61, 66->67, 73->77, 80->83, 86->64, 142->162, 148->150, 151->154, 170->173, 175->176, 181->206, 188->189, 206->207, 209->210, 234->235, 262->266, 289->290, 308->309, 311->315, 317->318, 320->326, 342->343, 352->356, 361->364, 387->404, 396->397, 431->432, 439->478, 440->441, 445->446, 449->478, 450->453, 471->478, 472->473, 480->483, 493->512, 499->505, 500->501, 508->509, 510->511, 543->544, 555->556, 560->561, 563->564, 566->567, 640->641, 650->655, 667->702, 668->675, 684->687, 702->703
/usr/local/lib/python3.4/dist-packages/sqlalchemy/orm/mapper.py                      945    445    543     93    47%   570-571, 582-583, 587, 591, 621, 628, 638, 652, 655, 659, 706, 947-1036, 1043, 1047, 1053, 1055-1059, 1061, 1066, 1076, 1079, 1086-1105, 1108-1109, 1114-1115, 1122-1123, 1127, 1134-1135, 1152-1160, 1163-1165, 1194, 1202-1203, 1205-1212, 1222, 1226-1235, 1266-1269, 1274, 1280, 1290, 1295, 1305, 1341-1345, 1351, 1360, 1366, 1387-1481, 1493-1509, 1512-1531, 1540-1543, 1547-1556, 1563-1566, 1584-1593, 1598-1605, 1613, 1635-1636, 1650-1657, 1665, 1683, 1690-1713, 1720-1729, 1738, 1778-1779, 1790-1791, 1813, 1818, 1822, 1833-1841, 1844, 1856, 1860-1861, 1868, 1874, 1885-1908, 1916-1932, 1939, 1948, 1951, 1958-1962, 2024, 2034, 2046-2058, 2062, 2086-2097, 2109, 2118-2128, 2164-2166, 2213, 2227, 2240, 2278, 2282, 2324-2332, 2335, 2347, 2364-2369, 2374-2375, 2382-2383, 2396, 2405, 2441, 2454-2461, 2474-2478, 2503, 2525-2526, 2530-2532, 2544-2547, 2551-2554, 2558, 2567-2568, 2571-2572, 2575-2577, 2598-2662, 2735, 2752-2758, 2793, 2834, 2840, 2846, 2856-2863, 2870-2874, 2900-2901, 2940-2950, 2954-2956, 2985, 2987, 2999-3005, 569->570, 581->582, 586->587, 588->591, 589->exit, 620->621, 627->628, 635->638, 649->652, 654->655, 658->659, 946->947, 1042->1043, 1046->1047, 1052->1053, 1054->1055, 1060->1061, 1065->1066, 1073->1076, 1078->1079, 1113->1114, 1121->1122, 1126->1127, 1133->1134, 1151->1152, 1162->1163, 1182->1185, 1193->1194, 1201->1202, 1204->1205, 1253->1259, 1265->1266, 1272->1274, 1278->1280, 1285->1290, 1294->1295, 1304->1305, 1340->1341, 1350->1351, 1355->1360, 1365->1366, 1386->1387, 1492->1493, 1511->1512, 1583->1584, 1597->1598, 1610->1613, 1618->1623, 1630->1633, 1633->1635, 1642->1650, 1661->1664, 1664->1665, 1682->1683, 1689->1690, 1714->1738, 1719->1720, 1764->1767, 1767->1761, 1832->1833, 1843->1844, 1855->1856, 1873->1874, 1936->1939, 1947->1948, 1949->1951, 1955->1958, 2108->2109, 2111->2118, 2281->2282, 2334->2335, 2342->2347, 2360->2366, 2361->2364, 2371->2374, 2377->2382, 2395->2396, 2404->2405, 2710->2695, 2734->2735, 2748->2752, 2787->exit, 2787->2793, 2833->2834, 2839->2840, 2845->2846, 2855->2856, 2864->2854, 2880->exit, 2968->exit, 2983->exit, 2984->2985, 2986->2987
/usr/local/lib/python3.4/dist-packages/sqlalchemy/orm/path_registry.py               142     55     42      3    49%   22, 59, 67-68, 75, 78, 82, 85-87, 90-97, 100, 103, 106-107, 114-123, 133, 136-141, 144, 149, 170-172, 179-183, 186, 196-200, 214, 220, 224, 228, 232, 235-238, 257, 260, 267, 72->75, 194->196, 264->267
/usr/local/lib/python3.4/dist-packages/sqlalchemy/orm/persistence.py                 590    361    395     53    34%   30-75, 83-125, 145-147, 169, 204-225, 250, 252, 294, 302-322, 325, 344, 362, 382, 395, 398, 412, 418, 423, 428, 455, 464-470, 475-486, 489, 497-519, 524-560, 572-597, 609, 618, 625, 646, 667-763, 795-817, 821, 823, 830, 858, 866-889, 908, 938-954, 958-967, 984-989, 997, 1004-1005, 1008-1009, 1033, 1037, 1040-1056, 1059-1062, 1065, 1069, 1079, 1086-1087, 1102, 1110, 1137-1139, 1142-1154, 1162, 1166-1174, 1177-1181, 1185-1215, 1218, 1221, 1228, 1231-1252, 1263-1268, 1278-1280, 1284, 1291-1295, 1298-1314, 1319-1335, 1338-1339, 1346, 1350, 1357-1364, 1367-1368, 1376-1382, 1386-1407, 1415, 1425-1440, 1448-1456, 144->145, 168->169, 249->250, 251->252, 293->294, 300->302, 324->325, 361->362, 381->382, 394->395, 396->398, 403->414, 410->412, 414->423, 417->418, 425->428, 454->455, 463->464, 473->475, 488->489, 494->497, 521->524, 608->609, 617->618, 623->625, 645->646, 656->exit, 656->667, 788->795, 820->821, 822->823, 829->830, 839->846, 844->841, 846->825, 847->858, 907->908, 930->938, 933->936, 956->958, 983->984, 996->997, 1002->1004, 1007->1008, 1031->1033, 1036->1037, 1039->1040, 1058->1059, 1064->1065, 1068->1069, 1078->1079, 1101->1102, 1109->1110
/usr/local/lib/python3.4/dist-packages/sqlalchemy/orm/properties.py                   86     31     30      7    60%   134, 137, 142-143, 148, 162, 171, 175, 189, 197, 205, 210-221, 247, 256-260, 267, 273-274, 277, 133->134, 136->137, 141->142, 147->148, 174->175, 187->189, 246->247
/usr/local/lib/python3.4/dist-packages/sqlalchemy/orm/query.py                      1156    702    525     65    32%   161-170, 172, 183-186, 189-219, 223-226, 229-244, 247, 256, 266, 269-270, 281, 289, 298-310, 335-337, 352, 356, 362-368, 371-374, 377, 385, 391, 396-400, 403-409, 413, 415, 421, 423, 439, 462-469, 495-501, 558, 572, 584, 595, 598, 616, 619, 650, 672, 683, 695, 727-732, 797-798, 864, 871, 889, 892, 915-919, 947, 958, 975-994, 1001-1006, 1027, 1198-1205, 1209, 1213-1231, 1237-1243, 1249-1252, 1280, 1287-1293, 1307, 1319, 1322, 1328-1336, 1357, 1376-1379, 1397, 1411, 1440, 1472, 1487-1494, 1527, 1575-1589, 1605-1616, 1636-1649, 1652, 1693, 1702, 1711, 1720, 1729, 1738, 1995-2002, 2014-2020, 2025-2034, 2043-2146, 2155-2222, 2226-2307, 2310-2352, 2355-2356, 2369, 2417, 2502, 2511, 2517, 2521, 2525-2528, 2564-2567, 2578, 2586, 2611-2618, 2646-2649, 2668-2671, 2679, 2699-2708, 2729, 2765-2768, 2791-2792, 2796, 2818-2824, 2834-2840, 2845, 2904, 2936-2940, 2966, 2982-2983, 3024, 3064-3065, 3186-3189, 3318-3322, 3326-3329, 3334, 3344-3345, 3350, 3358-3364, 3369, 3380-3439, 3446, 3465, 3468, 3471, 3485, 3488-3491, 3502-3517, 3529-3532, 3536-3538, 3566, 3580-3597, 3603, 3607, 3610-3621, 3624, 3632-3634, 3637-3640, 3650, 3658, 3666, 3688-3692, 3706, 3757-3762, 3793-3795, 3798, 3802, 3807-3809, 3821-3825, 3832-3845, 3849-3852, 3856-3861, 3866, 3870-3875, 3878-3884, 3887-3888, 3891-3892, 3895-3902, 3909-4013, 4019-4024, 4027-4030, 4033-4037, 4042-4048, 4052-4061, 4064-4068, 4071, 4088-4093, 4156, 4159-4163, 142->144, 157->180, 159->161, 171->172, 265->266, 268->269, 276->281, 288->289, 295->298, 347->352, 349->352, 355->356, 384->385, 386->391, 412->413, 414->415, 420->421, 422->423, 436->438, 438->439, 440->442, 442->444, 863->864, 870->871, 878->892, 884->892, 888->889, 1526->1527, 2505->2525, 2508->2511, 2515->2517, 2520->2521, 2561->2564, 2569->exit, 2728->2729, 2763->2765, 2795->2796, 2844->2845, 3325->3326, 3333->3334, 3343->3344, 3347->3350, 3354->3357, 3357->3358, 3368->3369, 3442->3445, 3445->3446, 3464->3465, 3467->3468, 3470->3471, 3484->3485, 3487->3488, 3524->3533, 3526->3529, 3545->3547, 3565->3566, 3630->3634, 3631->3632, 3636->3637, 3649->3650, 3651->3657, 3657->3658, 3662->3666, 3687->3688, 4087->4088
/usr/local/lib/python3.4/dist-packages/sqlalchemy/orm/relationships.py               834    381    458     84    47%   52, 73, 857, 872, 921, 924, 937, 941, 944-947, 950-964, 974, 985, 1029-1040, 1045-1108, 1151-1157, 1187-1191, 1249-1260, 1263-1298, 1339-1352, 1356-1358, 1374, 1383, 1388, 1404, 1412, 1419, 1428-1441, 1444, 1454-1517, 1528-1538, 1548, 1555, 1570, 1578, 1583, 1601, 1609, 1635, 1648, 1677, 1691, 1747, 1765, 1769, 1777, 1784, 1792, 1797, 1809, 1812, 1820, 1823, 1833, 1847-1850, 1859, 1894-1895, 1904-1935, 1940-1948, 1993, 2000, 2033, 2046-2055, 2071-2105, 2117, 2121, 2136-2147, 2152, 2160, 2179, 2182, 2187-2196, 2204, 2212, 2216-2220, 2225, 2232, 2244, 2269, 2290, 2293, 2295, 2297, 2299, 2308-2313, 2321-2334, 2344-2361, 2371-2397, 2418, 2437, 2440, 2455, 2479, 2488-2517, 2525, 2548-2578, 2592, 2627-2628, 2648, 2669-2696, 2717, 2727, 2758-2809, 2819-2822, 2851-2855, 2872, 2875, 856->857, 871->872, 920->921, 1368->1371, 1373->1374, 1378->1383, 1387->1388, 1395->exit, 1403->1404, 1411->1412, 1418->1419, 1545->1548, 1550->1555, 1565->1570, 1577->1578, 1582->1583, 1600->1601, 1607->1609, 1632->1635, 1676->1677, 1690->1691, 1744->1747, 1764->1765, 1768->1769, 1774->1777, 1783->1784, 1789->1792, 1796->1797, 1807->1809, 1810->1812, 1819->1820, 1822->1823, 1828->1843, 1832->1833, 1843->1847, 1858->1859, 1879->exit, 1883->1885, 1885->exit, 1952->exit, 1992->1993, 1999->2000, 2032->2033, 2045->2046, 2135->2136, 2150->2152, 2159->2160, 2178->2179, 2181->2182, 2203->2204, 2209->2216, 2211->2212, 2213->2216, 2223->2225, 2227->exit, 2230->exit, 2231->2232, 2234->exit, 2243->2244, 2261->2269, 2289->2290, 2292->2293, 2294->2295, 2296->2297, 2298->2299, 2436->2437, 2439->2440, 2454->2455, 2476->2479, 2481->2488, 2524->2525, 2539->2548, 2589->2592, 2619->2623, 2623->exit, 2625->2627, 2647->2648, 2666->2669, 2716->2717, 2726->2727, 2818->2819, 2839->2842, 2846->2850, 2850->2851
/usr/local/lib/python3.4/dist-packages/sqlalchemy/orm/scoping.py                      64     26     22      3    55%   51, 65-76, 105-110, 136-149, 166, 169, 180, 48->51, 64->65, 93->95
/usr/local/lib/python3.4/dist-packages/sqlalchemy/orm/session.py                     854    425    426     75    45%   44-45, 56-57, 67, 77, 213, 238, 250, 257, 262-263, 268-279, 285, 309-314, 340-358, 375-379, 386, 397-399, 406, 409, 411, 421-425, 434-435, 443, 449-454, 477-522, 525-532, 540, 544, 556, 559-569, 720-726, 744, 747-748, 776, 800, 818, 835-838, 869-872, 887-893, 973-976, 1101-1106, 1112, 1158, 1186-1191, 1195-1200, 1211, 1221, 1277-1280, 1288-1292, 1298, 1307-1322, 1355-1360, 1366-1375, 1413-1425, 1459-1460, 1497-1501, 1504-1514, 1519-1523, 1538, 1547-1558, 1563-1573, 1590, 1607-1614, 1626-1627, 1650, 1659, 1672, 1676-1677, 1684-1688, 1707, 1711-1712, 1719-1724, 1729, 1734, 1747, 1799-1819, 1823-1932, 1935-1936, 1942, 1955-1991, 1997, 2050-2054, 2061, 2077, 2088-2092, 2099, 2133, 2144, 2160-2161, 2166-2169, 2179-2185, 2195, 2208, 2216, 2232-2238, 2257-2259, 2334-2338, 2429, 2480, 2486-2506, 2575-2597, 2655, 2705, 2714, 2720, 2805, 2824-2826, 2840, 2843, 2896-2911, 2943-2951, 2964-2965, 212->213, 217->220, 256->257, 261->262, 267->268, 284->285, 305->316, 307->309, 326->329, 368->375, 385->386, 393->405, 396->397, 405->406, 408->409, 410->411, 433->434, 438->443, 448->449, 460->463, 470->473, 539->540, 541->544, 550->552, 717->720, 743->744, 746->747, 750->754, 754->756, 796->800, 868->869, 961->964, 969->973, 1162->exit, 1193->1195, 1276->1277, 1285->1294, 1294->1307, 1295->1302, 1297->1298, 1302->1307, 1303->1307, 1304->1303, 1363->exit, 1583->1578, 1587->1590, 1603->1607, 1625->1626, 1634->exit, 1644->1647, 1647->1650, 1658->1659, 1671->1672, 1706->1707, 1718->1719, 1728->1729, 1733->1734, 1736->1743, 1745->exit, 1746->1747, 1941->1942, 1994->1997, 2060->2061, 2072->2074, 2076->2077, 2132->2133, 2159->2160, 2165->2166, 2177->2179, 2194->2195, 2207->2208, 2215->2216, 2231->2232, 2804->2805, 2823->2824
/usr/local/lib/python3.4/dist-packages/sqlalchemy/orm/state.py                       317    151    136     16    45%   104, 120, 133, 163, 188, 209, 221, 226, 249, 266-269, 283, 291, 327, 329-337, 339-341, 343-345, 350-353, 356-357, 383, 402, 412-414, 417, 420, 423-425, 428-441, 444-483, 489-494, 497-498, 502-516, 522-524, 529, 540-541, 544-545, 553-577, 587, 611, 628, 639, 642-647, 668, 700-703, 721, 733, 760-761, 771, 782, 801, 820, 834-835, 838-841, 844-847, 326->327, 328->329, 338->339, 342->343, 399->402, 521->522, 528->529, 539->540, 543->544, 586->587, 638->639, 641->642, 667->668, 699->700, 732->733, 737->740
/usr/local/lib/python3.4/dist-packages/sqlalchemy/orm/strategies.py                  708    519    370     18    23%   48, 51-52, 124-125, 130-133, 138, 159, 164, 186-194, 205-210, 220-225, 228-230, 242-269, 272-308, 315, 318-323, 350-352, 361-366, 414-415, 445-465, 468-494, 497, 520, 523, 527, 542, 544, 547, 553-557, 565, 582-649, 664-668, 670-681, 688-689, 692-697, 705, 713, 718-721, 730-731, 734, 744-816, 819-841, 850-890, 894-937, 943-982, 987-992, 995-1010, 1021, 1024-1026, 1029, 1038-1039, 1044-1080, 1085-1103, 1107-1131, 1146-1148, 1151, 1161-1216, 1225-1272, 1280-1294, 1301-1315, 1321-1368, 1375-1476, 1486-1541, 1544-1566, 1571-1601, 1607-1642, 1646-1676, 1680-1701, 47->48, 50->51, 65->85, 86->85, 158->159, 163->164, 413->414, 515->520, 522->523, 526->527, 535->557, 541->542, 543->544, 546->547, 551->553, 562->565, 655->664, 669->670
/usr/local/lib/python3.4/dist-packages/sqlalchemy/orm/strategy_options.py            354    262    150      1    18%   81-86, 90-94, 97-99, 106, 109, 112-119, 122-191, 194, 197-199, 204-211, 215-227, 230-242, 245-250, 255-257, 260-261, 264-281, 296-298, 303, 306-312, 315-322, 325-333, 336-337, 341-366, 369-384, 387-452, 458-482, 485-508, 519, 587-598, 603, 641-648, 653, 751-754, 759, 765, 801, 806, 811, 827, 832, 837, 859-860, 865, 881, 886, 915, 921, 943, 951, 1006, 1014, 1053, 1061, 1096, 1106, 518->519
/usr/local/lib/python3.4/dist-packages/sqlalchemy/orm/sync.py                         68     43     20      2    35%   27-28, 34-35, 45, 51-62, 66-79, 83-92, 96-103, 114-115, 119, 126-134, 42->45, 118->119
/usr/local/lib/python3.4/dist-packages/sqlalchemy/orm/unitofwork.py                  339    121    170     17    60%   35, 40, 51-70, 76, 82, 90, 97-101, 163-169, 187-189, 209-217, 234, 248-252, 268-271, 283, 306-307, 340-360, 379-384, 400, 423, 481, 484, 510, 513, 529-530, 533-536, 552-565, 581-594, 599-601, 604-616, 619, 629-630, 633-639, 645, 653-654, 657-664, 669, 34->35, 39->40, 75->76, 81->82, 85->92, 87->90, 92->97, 153->exit, 207->209, 238->exit, 244->248, 282->283, 337->340, 378->379, 399->400, 416->423, 440->438
/usr/local/lib/python3.4/dist-packages/sqlalchemy/orm/util.py                        319    241    138      6    19%   42, 48, 50, 62, 67, 87-125, 149-189, 249-276, 288-298, 307-308, 361-382, 385-417, 420, 463-481, 493, 497-500, 503, 518, 531, 538-548, 553, 556-560, 563-568, 659-666, 738-754, 768, 799-860, 868-881, 891, 896, 939, 950, 980-986, 1001-1002, 1020-1021, 1054-1057, 41->42, 47->48, 49->50, 61->62, 572->exit, 573->exit
/usr/local/lib/python3.4/dist-packages/sqlalchemy/pool.py                            554    321    174     34    37%   50-53, 62-64, 83, 86, 89, 224, 236-241, 248, 252-253, 255-259, 278-279, 289-294, 297-302, 315, 328, 333, 347-351, 363, 376, 389-397, 407-410, 416, 421, 424, 496, 512, 519-521, 533, 542-543, 545, 550, 554, 557-558, 581-601, 606-607, 610-613, 615-620, 622-627, 630-633, 637-641, 654-656, 663, 676, 680, 691-700, 772, 775, 782-804, 807, 819, 822, 830-839, 843, 868, 883-886, 910-917, 944-955, 995-999, 1002-1003, 1016-1024, 1027-1029, 1032, 1036, 1039-1050, 1101-1106, 1109-1115, 1118-1140, 1143-1151, 1154-1159, 1162-1163, 1174-1182, 1185, 1193, 1196, 1199, 1202, 1223, 1226, 1229, 1232-1234, 1244, 1260, 1267, 1270-1272, 1275-1276, 1286, 1312-1316, 1319, 1322-1325, 1328-1330, 1333-1334, 1340-1354, 1379-1383, 1386-1387, 1390, 1393, 1396-1411, 1427, 1432-1436, 1439-1442, 223->224, 234->236, 247->248, 249->251, 251->252, 254->255, 286->289, 386->389, 406->407, 460->462, 524->exit, 532->533, 541->542, 544->545, 605->606, 608->610, 614->615, 621->622, 629->630, 658->662, 662->663, 674->676, 678->702, 679->680, 690->691, 702->exit, 765->774, 771->772, 774->775, 778->782, 818->819, 820->830, 821->822, 959->exit
/usr/local/lib/python3.4/dist-packages/sqlalchemy/processors.py                       83     68     26      1    15%   23-49, 53-56, 60-125, 136, 141-144, 152-155, 135->136
/usr/local/lib/python3.4/dist-packages/sqlalchemy/schema.py                            5      0      0      0   100%
/usr/local/lib/python3.4/dist-packages/sqlalchemy/sql/__init__.py                     15      0      2      0   100%
/usr/local/lib/python3.4/dist-packages/sqlalchemy/sql/annotation.py                   98     25     32      5    71%   41-42, 66-69, 77, 87-88, 97, 113-127, 149, 164-166, 63->66, 81->87, 94->97, 142->149, 151->153
/usr/local/lib/python3.4/dist-packages/sqlalchemy/sql/base.py                        263    133     96     11    43%   27, 30, 44-46, 56, 59-64, 67-74, 77-83, 86-87, 90, 94, 116, 119, 123, 128, 131, 187-195, 221, 226, 232, 241, 277-305, 315-317, 363-375, 379-386, 393, 405-415, 456, 459, 479-482, 485, 489, 502, 507, 510, 519-529, 535, 538-539, 543-547, 559-564, 568, 572, 576-577, 596, 599-600, 603, 607-612, 619-633, 122->123, 231->232, 240->241, 274->277, 455->456, 478->479, 484->485, 488->489, 501->502, 513->519, 567->568
/usr/local/lib/python3.4/dist-packages/sqlalchemy/sql/compiler.py                   1393    752    630    103    40%   208, 223, 226-229, 239, 257, 262, 267-272, 278, 307, 314, 440, 443, 457-461, 466-480, 484-485, 501, 505, 516-533, 539-545, 559, 564, 576, 580-601, 607-630, 650, 666-669, 673, 680, 684, 687, 706, 712, 725, 728, 735, 738-749, 761-780, 783, 786-789, 792-795, 800, 811-824, 827, 835, 848-857, 873, 879, 885-886, 890-900, 904, 907, 913, 917-957, 966-987, 991-994, 997-1000, 1003, 1013, 1018, 1022-1023, 1028-1029, 1033, 1037, 1053, 1057, 1060, 1064, 1067-1070, 1073-1076, 1079-1084, 1087-1092, 1095-1098, 1101-1104, 1107-1110, 1120-1121, 1131-1132, 1142-1143, 1153-1154, 1159-1160, 1169-1170, 1176-1180, 1186-1197, 1212-1213, 1226-1230, 1235, 1248, 1253-1256, 1263, 1274, 1282-1364, 1369-1389, 1392-1393, 1396-1404, 1407, 1421-1422, 1431, 1434, 1436-1443, 1458, 1473-1480, 1492-1495, 1498, 1501, 1504, 1507, 1516-1596, 1600-1608, 1623-1638, 1655-1657, 1677, 1680-1683, 1696-1698, 1703, 1725-1732, 1741-1747, 1750, 1753, 1759, 1764-1774, 1781, 1810, 1827-1830, 1833-1835, 1838, 1845, 1850-1858, 1861-1871, 1874-1877, 1887-1891, 1894, 1897, 1902-1909, 1917, 1922, 1926, 1929-1935, 1944-1957, 1973, 1979-1985, 1995, 2002, 2014-2018, 2023, 2025, 2027, 2040-2043, 2046, 2049, 2054, 2060, 2070-2071, 2083, 2089-2163, 2181, 2189, 2195-2196, 2205, 2209, 2214, 2219, 2222, 2226, 2239, 2242, 2248, 2251, 2254-2259, 2266, 2270, 2273, 2277-2292, 2295-2296, 2299-2303, 2311, 2316, 2336-2337, 2356, 2365, 2381, 2403, 2406, 2409-2410, 2415-2432, 2435-2436, 2440-2463, 2466, 2472-2488, 2491, 2495-2505, 2512-2521, 2531-2535, 2541-2550, 2553-2560, 2564, 2567-2569, 2582-2584, 2602, 2606, 2609-2610, 2620, 2622, 2628-2631, 2633, 2639, 2649, 2652-2658, 2663-2669, 2677, 2680, 2683, 2686, 2689, 2692, 2695, 2698, 2706, 2710, 2713, 2719, 2722, 2725, 2728, 2731, 2734, 2737, 2740, 2743, 2746, 2749, 2752, 2755, 2761, 2767, 2776, 2779, 2782, 2785, 2790, 2793, 2798-2801, 2804, 2844-2847, 2865, 2895, 2910, 2914-2917, 2920-2927, 2933, 2936, 2940-2947, 2960, 2966, 2976, 2985-2990, 2999-3006, 3010-3021, 3026-3027, 207->208, 211->exit, 214->216, 419->421, 437->440, 442->443, 514->516, 538->539, 646->652, 647->650, 652->666, 653->661, 679->680, 683->684, 686->687, 705->706, 711->712, 799->800, 1010->1013, 1017->1018, 1052->1053, 1168->1169, 1173->1176, 1185->1186, 1234->1235, 1247->1248, 1252->1253, 1272->1277, 1273->1274, 1419->1421, 1428->1431, 1433->1434, 1435->1436, 1452->1458, 1461->1473, 1654->1655, 1676->1677, 1679->1680, 1695->1696, 1702->1703, 1721->1725, 1740->1741, 1749->1750, 1752->1753, 1758->1759, 1780->1781, 1809->1810, 1823->1826, 1826->1827, 1832->1833, 1837->1838, 1844->1845, 1913->1926, 1916->1917, 1921->1922, 1970->1973, 1978->1979, 1994->1995, 2001->2002, 2009->2013, 2013->2014, 2022->2023, 2024->2025, 2026->2027, 2039->2040, 2045->2046, 2048->2049, 2053->2054, 2180->2181, 2188->2189, 2194->2195, 2199->2204, 2201->2204, 2204->2205, 2208->2209, 2213->2214, 2310->2311, 2315->2316, 2330->2334, 2346->2349, 2355->2356, 2364->2365, 2376->2379, 2380->2381, 2530->2531, 2563->2564, 2566->2567, 2581->2582, 2605->2606, 2608->2609, 2619->2620, 2621->2622, 2627->2628, 2632->2633, 2638->2639, 2705->2706, 2905->2914, 2909->2910, 2952->2954, 2958->2960, 2972->2974, 2974->2985, 2975->2976
/usr/local/lib/python3.4/dist-packages/sqlalchemy/sql/crud.py                        296    195    198     25    28%   47-48, 53, 60-62, 84, 91, 104, 115, 124, 129, 140-144, 150, 159, 176-195, 208-236, 250-254, 280-284, 288, 293-297, 300, 304-307, 324-338, 359-382, 386-388, 392-394, 399-402, 405, 412-424, 439-467, 473-495, 503-513, 521-545, 552-593, 597-617, 622-637, 653-654, 663-666, 675-692, 46->47, 49->53, 50->55, 59->60, 83->84, 90->91, 103->104, 114->115, 123->124, 128->129, 139->140, 149->150, 158->159, 163->165, 169->176, 249->250, 271->306, 272->280, 286->288, 292->293, 298->300, 301->304, 315->324, 650->653, 662->663
/usr/local/lib/python3.4/dist-packages/sqlalchemy/sql/ddl.py                         298    141    144     15    46%   92-98, 131-136, 142, 209-211, 214-229, 232-239, 244-245, 251, 257-258, 265-267, 376-386, 389, 421, 438-439, 456-458, 647-648, 658-660, 684, 690-692, 709, 726, 736, 748, 758, 772, 781-783, 786-788, 791, 798-803, 806-882, 887-891, 895-896, 907, 910-925, 932-934, 937-939, 987, 991, 1053-1054, 1060-1061, 1078-1090, 248->251, 683->684, 706->709, 725->726, 735->736, 747->748, 757->758, 760->764, 770->774, 771->772, 983->991, 986->987, 1052->1053, 1059->1060, 1064->1051
/usr/local/lib/python3.4/dist-packages/sqlalchemy/sql/default_comparator.py          101     66     58      8    28%   35-59, 67, 82-93, 98-103, 107, 111-167, 173-177, 181, 187-190, 195, 201, 214, 220, 235, 294-295, 298, 300, 303, 307, 27->30, 30->35, 66->67, 292->294, 297->298, 299->300, 302->303, 304->307
/usr/local/lib/python3.4/dist-packages/sqlalchemy/sql/dml.py                         167     82     68      7    39%   40, 48-55, 60-65, 77, 87, 90, 146, 181-184, 205, 333-377, 445, 528-531, 579-590, 594-596, 741, 747-750, 754-755, 763-767, 773-782, 824, 829, 834-837, 843-847, 851, 39->40, 47->48, 57->60, 204->205, 738->741, 823->824, 826->829
/usr/local/lib/python3.4/dist-packages/sqlalchemy/sql/elements.py                   1185    593    404     45    43%   30, 46-47, 103-104, 139, 151, 206, 226-228, 242, 259, 265, 275, 290, 293-305, 318, 371, 429-435, 445-448, 457, 466, 469-472, 475, 481, 486-490, 644, 646, 651-657, 661, 667-668, 689, 692, 704, 719-720, 733, 743-765, 785, 803, 813, 830, 1059-1060, 1067, 1098, 1106-1112, 1127, 1137-1139, 1154-1160, 1163, 1209, 1215, 1229-1238, 1379-1389, 1462-1482, 1579-1588, 1595, 1599, 1602-1605, 1608, 1612, 1615, 1630, 1636, 1639, 1654, 1657, 1695, 1698, 1713, 1716, 1720-1723, 1761, 1764, 1787, 1792, 1795, 1799, 1802-1806, 1809, 1816, 1819-1822, 1829-1850, 1857, 1872, 1874, 1881, 1965, 1969, 1972-1975, 1978, 2009-2014, 2018, 2021, 2179-2210, 2213-2218, 2221-2227, 2231, 2344-2345, 2348, 2434-2435, 2438-2439, 2442, 2446, 2450-2455, 2471-2473, 2476, 2479, 2483, 2501, 2504, 2508, 2515, 2519, 2539-2545, 2585, 2627, 2667, 2706, 2747-2748, 2754-2757, 2761, 2764, 2767, 2773, 2781-2797, 2800-2803, 2836-2841, 2866-2870, 2878-2882, 2886-2887, 2894-2899, 2902, 2908, 2932, 2941, 2949, 2955, 2988, 2993-3002, 3015-3018, 3021-3022, 3037-3038, 3041, 3045, 3049, 3052, 3055, 3059, 3062, 3065, 3068-3069, 3072, 3172-3193, 3196-3235, 3247, 3251, 3254, 3259-3263, 3267, 3330-3332, 3344, 3348-3352, 3355, 3360-3362, 3366, 3420-3421, 3435-3443, 3463, 3467, 3470, 3475-3477, 3481, 3513-3530, 3533, 3537, 3541, 3545, 3551, 3554-3560, 3564, 3568, 3571, 3574-3582, 3586, 3589-3594, 3727-3738, 3761, 3766, 3782, 3786, 3793-3796, 3800-3801, 3806-3811, 3816, 3829-3847, 3857, 3929, 3935, 3939, 3944-3947, 3950-3953, 3968, 4030, 4032, 4037, 4060, 4067, 4076, 4091, 4097-4103, 4129-4130, 4135-4136, 4144, 4158-4160, 4177-4182, 4187, 4193-4199, 4203-4213, 4223-4236, 4243-4251, 4260-4263, 4268, 4270, 4278, 4280-4283, 4293-4325, 4331-4340, 4346-4350, 4355-4366, 4375, 4385, 4390, 4395, 4399, 4403, 252->259, 262->265, 428->429, 641->644, 645->646, 718->719, 784->785, 829->830, 1058->1059, 1066->1067, 1097->1098, 1124->1127, 1131->1134, 1782->1787, 1871->1872, 1873->1874, 1880->1881, 2931->2932, 2940->2941, 2946->2949, 2987->2988, 3758->3761, 3765->3766, 3781->3782, 3784->3816, 3785->3786, 3792->3793, 3797->3800, 3805->3806, 3926->3929, 3938->3939, 4029->4030, 4031->4032, 4074->4076, 4090->4091, 4142->4144, 4175->4177, 4186->4187, 4221->4223, 4267->4268, 4269->4270, 4277->4278, 4279->4280, 4291->4293, 4374->4375
/usr/local/lib/python3.4/dist-packages/sqlalchemy/sql/expression.py                   72      0      0      0   100%
/usr/local/lib/python3.4/dist-packages/sqlalchemy/sql/functions.py                   211     86     36      1    52%   59-60, 66, 87, 95, 117, 138, 165-167, 171, 174, 177-179, 191, 223, 234-237, 251, 265, 268, 277-281, 293-303, 306-323, 429-434, 437, 452, 532-540, 560-563, 567, 572, 579-582, 613, 628-630, 691-694, 705-710, 451->452
/usr/local/lib/python3.4/dist-packages/sqlalchemy/sql/naming.py                       84     49     40      9    37%   24-28, 31, 34-38, 41-49, 52, 55, 58-64, 67-73, 76-88, 103, 105, 115, 122, 127, 137, 142, 146, 102->103, 104->105, 114->115, 116->122, 126->127, 133->137, 140->exit, 141->142, 145->146
/usr/local/lib/python3.4/dist-packages/sqlalchemy/sql/operators.py                   234    107      4      2    54%   21, 64, 88, 105, 155-159, 185, 193, 219-223, 226, 230, 233, 285, 293, 313, 324, 335, 343, 351, 359, 362, 371, 380, 389, 398, 423, 452, 462, 477, 492, 507, 522, 537, 545, 553, 561, 579, 584, 589, 594, 599, 604, 612, 620, 628, 636, 644, 651, 658, 667, 676, 688, 696, 704, 712, 720, 728, 736, 740, 744, 748, 752, 756, 760, 764, 768, 772, 776, 780, 784, 788, 792, 796, 800, 804, 808, 812, 816, 820, 824, 828, 832, 836, 840, 844, 848, 852, 856, 860, 864, 868, 872, 876, 880, 884, 888, 902, 906, 911, 928, 1009, 20->21, 1008->1009
/usr/local/lib/python3.4/dist-packages/sqlalchemy/sql/schema.py                     1156    607    569     96    40%   65, 83, 86, 97, 112-115, 383, 387-388, 393-394, 398-403, 406-407, 412-422, 425, 434-436, 445, 466-470, 480, 495, 497-499, 509, 520-534, 562-601, 607, 610, 630, 636, 642, 656, 678, 709-712, 715-716, 724-727, 732-735, 749-751, 765-767, 837-887, 1166-1169, 1175, 1180, 1182, 1208, 1211, 1214-1225, 1228-1231, 1234-1237, 1240-1243, 1250, 1253, 1262, 1267-1269, 1282, 1285-1298, 1308, 1312, 1316, 1323-1331, 1338, 1346-1351, 1354, 1377, 1389-1415, 1427-1460, 1464, 1591-1602, 1623, 1627, 1645-1657, 1668-1671, 1673-1677, 1679, 1686, 1690-1693, 1704, 1723, 1727-1728, 1743, 1750, 1755, 1770, 1776, 1785, 1793-1794, 1796-1799, 1805, 1817, 1824-1825, 1845-1872, 1876, 1888-1893, 1916-1922, 1924-1929, 1934, 1952, 1955-1959, 1962-1964, 1967, 1972-1975, 2026-2032, 2036, 2040, 2044, 2055-2069, 2074-2077, 2081, 2226-2245, 2249, 2253, 2262, 2265-2266, 2269, 2272-2273, 2277-2280, 2285-2287, 2294-2296, 2301, 2334, 2337-2340, 2343-2347, 2350-2354, 2357, 2385-2390, 2393, 2409, 2466, 2474-2479, 2488, 2492-2496, 2501, 2503-2504, 2530-2545, 2562-2579, 2585, 2587-2590, 2638-2640, 2650, 2702-2714, 2717-2720, 2724-2741, 2863-2865, 2874, 2880-2883, 2903-2904, 2926-2929, 2936, 2943-2944, 2952, 2957-2979, 3073-3085, 3088-3089, 3114-3120, 3133, 3142-3150, 3153, 3155, 3159, 3166-3167, 3175-3188, 3312-3331, 3334-3348, 3359, 3371-3374, 3386-3388, 3391, 3548, 3555-3561, 3578, 3581-3583, 3589, 3592-3598, 3603, 3612-3618, 3623, 3642, 3649, 3657-3659, 3664, 3701, 3763-3820, 3829-3833, 3856, 3882-3884, 3909-3911, 3920, 3926-3938, 3944, 3950-3952, 3975-3984, 3994-3997, 62->65, 78->77, 381->383, 391->393, 397->398, 405->406, 411->412, 424->425, 464->466, 479->480, 494->495, 496->497, 508->509, 720->724, 1164->1170, 1165->1166, 1170->1179, 1173->1179, 1174->1175, 1179->1180, 1181->1182, 1207->1208, 1210->1211, 1213->1214, 1227->1228, 1233->1234, 1239->1240, 1249->1250, 1252->1253, 1261->1262, 1263->1269, 1264->1267, 1276->1275, 1307->1308, 1311->1312, 1315->1316, 1322->1323, 1337->1338, 1345->1346, 1353->1354, 1376->1377, 1463->1464, 1588->1591, 1622->1623, 1667->1668, 1672->1673, 1678->1679, 1689->1690, 1722->1723, 1726->1727, 1742->1743, 1749->1750, 1754->1755, 1765->1770, 1766->1765, 1775->1776, 1782->1785, 1788->1793, 1795->1796, 1804->1805, 1816->1817, 1821->1828, 1875->1876, 1898->1908, 1912->1924, 1915->1916, 1938->exit, 1939->exit, 2465->2466, 2500->2501, 2502->2503, 2559->2562, 2584->2585, 2586->2587, 2598->2600, 2862->2863, 2902->2903, 2950->2952, 3065->3070, 3071->3073, 3087->3088, 3130->3133, 3139->3142, 3151->3153, 3154->3155, 3156->3159, 3162->3175, 3165->3166, 3168->exit, 3547->3548, 3554->3555, 3588->3589, 3648->3649, 3855->3856, 3974->3975, 3992->3994
/usr/local/lib/python3.4/dist-packages/sqlalchemy/sql/selectable.py                  992    562    425     38    36%   38-45, 48-49, 53-58, 64, 75, 77, 79, 93-102, 118, 161, 183, 227, 268-272, 275, 304-308, 311, 385-389, 405, 448, 491, 505, 520, 535, 557, 566, 573-579, 600-604, 617-651, 661, 666, 682-683, 691-693, 700-702, 709-715, 719, 754-760, 790-799, 824, 872, 876, 883, 888, 892-898, 902-912, 915-918, 921, 924-928, 964, 968-973, 982, 991, 997, 1000-1004, 1007, 1014, 1017-1021, 1035-1050, 1075-1077, 1081, 1182-1192, 1196, 1201, 1226-1239, 1242-1247, 1251-1254, 1257-1260, 1264-1266, 1269-1270, 1273-1280, 1286-1293, 1296-1299, 1303, 1307, 1351-1353, 1357-1360, 1381-1386, 1389-1392, 1398-1403, 1406, 1415, 1424, 1598, 1606, 1609, 1613, 1617, 1621, 1624, 1627, 1631, 1634, 1637, 1641, 1644, 1647, 1650, 1717, 1720, 1727, 1730-1731, 1735, 1815-1828, 1832-1839, 1842-1843, 1854-1862, 1886, 1897, 1909, 1916-1919, 1923, 1961, 1965-1968, 1974, 1978, 1982, 1990-1993, 1997, 2049, 2064, 2074, 2081, 2088, 2098, 2118, 2140, 2152, 2164, 2176-2181, 2195-2200, 2205, 2208-2211, 2247-2271, 2275-2278, 2298, 2318, 2335, 2352, 2369, 2386, 2390, 2393, 2396-2399, 2402-2424, 2428-2434, 2439-2447, 2450, 2455-2462, 2465, 2695-2698, 2712-2713, 2721, 2724, 2733, 2739, 2742, 2763, 2766, 2792-2800, 2803-2805, 2816, 2829-2835, 2845-2847, 2853, 2873, 2909-2912, 2917, 2931-2932, 2940, 2944-2955, 2958-2964, 2967-3009, 3027, 3053, 3149-3156, 3165, 3173, 3185-3192, 3226, 3284-3288, 3326-3330, 3343-3344, 3356-3362, 3373-3374, 3388-3389, 3403-3404, 3415-3417, 3426, 3430, 3448-3460, 3465-3477, 3480, 3495-3498, 3504, 3511, 3517, 3524, 3531, 3538, 3541-3556, 3559, 3568-3569, 3573, 3584, 3587, 3615-3622, 3627, 3630-3632, 3635-3637, 3645-3647, 3654-3656, 3684-3686, 3690, 3694, 3697-3698, 3701-3702, 3705, 3712-3713, 37->38, 74->75, 76->77, 78->79, 615->617, 681->682, 963->964, 967->968, 979->982, 989->1027, 990->991, 995->997, 1006->1007, 1008->1025, 1012->1014, 1025->989, 1716->1717, 1724->1727, 1734->1735, 1960->1961, 1964->1965, 1973->1974, 1977->1978, 1981->1982, 2694->2695, 2716->2724, 2720->2721, 2732->2733, 2738->2739, 2741->2742, 2762->2763, 2765->2766, 2788->2792, 2802->2803, 2814->2816, 2825->2829, 3425->3426, 3429->3430
/usr/local/lib/python3.4/dist-packages/sqlalchemy/sql/sqltypes.py                    743    424    198     12    35%   31, 46, 52-53, 70-77, 96, 99-101, 194, 204-207, 214-221, 225-239, 252-256, 263-266, 269, 382-384, 394, 398, 401-403, 409, 556-561, 564, 567-569, 573-576, 580, 585-607, 611, 695, 700, 708, 765, 769, 773, 791, 795, 799, 832, 836, 840, 860-863, 867, 872-882, 888-899, 902-906, 911-914, 917, 949-951, 979-994, 1001, 1004-1029, 1036, 1039-1043, 1052, 1057-1061, 1066-1070, 1073-1075, 1078-1080, 1083-1085, 1088-1090, 1241-1267, 1270-1279, 1282-1290, 1295-1310, 1316-1322, 1327-1330, 1334, 1340, 1345-1358, 1361, 1364-1384, 1387-1394, 1397-1404, 1407-1417, 1421-1424, 1458-1461, 1464, 1469-1482, 1485-1498, 1501-1504, 1535, 1539-1549, 1553, 1556-1562, 1565-1568, 1571-1574, 1623-1626, 1634, 1637-1649, 1652-1665, 1669, 1692, 1697, 1886, 1895, 1898, 1901-1911, 1914-1924, 1947-1962, 1968, 1972, 1976, 1979-1996, 1999-2008, 2118-2147, 2178-2179, 2213-2214, 2254-2262, 2266, 2270, 2273, 2350, 2353, 2481-2483, 2488-2492, 2533-2534, 2544-2553, 30->31, 193->194, 210->239, 211->225, 213->214, 251->252, 579->580, 694->695, 699->700, 887->888, 2529->2533, 2541->2544
/usr/local/lib/python3.4/dist-packages/sqlalchemy/sql/type_api.py                    301    143     66      5    48%   67-68, 96, 99, 204-206, 209, 236, 239, 252, 304, 342, 359, 368, 387, 417, 431, 438-441, 445-450, 528, 545-548, 552-557, 560-564, 567, 628-637, 657, 782, 813-814, 818-819, 824-827, 836-851, 858, 863-866, 871-874, 888-894, 908, 913, 929, 953, 980, 992, 1002, 1026-1048, 1069-1082, 1093, 1116-1130, 1148, 1160-1162, 1171, 1186, 1189, 1213-1214, 1217, 1220-1223, 1238-1244, 1249, 1253, 1268, 1272, 1283-1285, 425->431, 484->487, 524->528, 781->782, 1267->1268
/usr/local/lib/python3.4/dist-packages/sqlalchemy/sql/util.py                        355    253    210     12    23%   51-57, 101, 115-116, 129, 132, 135, 142-144, 156-176, 180-184, 196-201, 220-224, 233, 235, 243-250, 275-281, 285-289, 300-310, 319-320, 323-324, 341-343, 346-370, 373-393, 396-411, 422-436, 440-461, 492-515, 518-531, 540-583, 616-623, 627-639, 642-652, 692-704, 708-709, 712-721, 724-731, 734, 741-753, 756-758, 761-762, 98->101, 112->114, 114->115, 128->129, 131->132, 134->135, 138->exit, 141->142, 232->233, 234->235, 491->492, 517->518
/usr/local/lib/python3.4/dist-packages/sqlalchemy/sql/visitors.py                    140     42     56      9    66%   78-79, 87-93, 128, 133, 137-142, 151, 159-161, 175, 180, 197, 202-207, 238-249, 277, 289, 314, 118->exit, 120->118, 149->exit, 288->289, 291->297, 299->301, 312->314, 321->324, 326->328
/usr/local/lib/python3.4/dist-packages/sqlalchemy/types.py                             4      0      0      0   100%
/usr/local/lib/python3.4/dist-packages/sqlalchemy/util/__init__.py                     8      0      0      0   100%
/usr/local/lib/python3.4/dist-packages/sqlalchemy/util/_collections.py               606    253    183     18    53%   34, 75-81, 96, 99, 110, 117, 123, 128-130, 135, 154, 161, 170, 188, 197, 200, 203, 206, 209-212, 220, 223, 229, 232, 235, 238, 241, 244, 269, 275, 280-281, 284, 287, 295-296, 301, 304-308, 323-330, 336-339, 347-351, 354-356, 375-376, 379-381, 384-386, 389-390, 393, 399, 402, 408-410, 429-432, 443-446, 451-454, 479-480, 486, 489, 492-495, 498-502, 505, 508, 511-514, 517-520, 523-530, 533-535, 538-540, 543-551, 554-556, 559-561, 572-574, 577, 580-583, 594-596, 599, 602-605, 616-618, 621, 624-627, 630-636, 642-644, 647, 650-653, 656, 667, 670, 680, 683, 686, 693-698, 769-776, 779-782, 785, 790, 815, 821-826, 833, 853-858, 890-892, 895, 898-902, 910, 915, 918-926, 935-952, 1000, 1007-1008, 1018-1019, 1022-1026, 1029, 1032, 1035-1038, 160->161, 226->229, 274->275, 293->300, 294->295, 300->301, 322->323, 333->340, 370->372, 407->408, 478->479, 744->exit, 789->790, 832->833, 842->844, 906->910, 914->915, 917->918
/usr/local/lib/python3.4/dist-packages/sqlalchemy/util/compat.py                     170     96     46      8    39%   15-16, 35-38, 44, 73, 76, 79, 84-85, 88, 105, 108-167, 172, 182-192, 199-203, 208-212, 248-269, 32->35, 41->44, 42->exit, 49->111, 81->84, 171->172, 180->192, 205->208
/usr/local/lib/python3.4/dist-packages/sqlalchemy/util/deprecations.py                66      8     20      5    85%   18, 22, 46, 74, 80, 105-106, 130, 45->46, 73->74, 79->80, 127->130, 137->140
/usr/local/lib/python3.4/dist-packages/sqlalchemy/util/langhelpers.py                721    319    315     22    49%   27-31, 53, 57-70, 99, 105-108, 116, 200-210, 215-220, 272-275, 299, 302-303, 307-325, 380, 383-387, 398, 416, 420-423, 435-441, 450-453, 461-523, 535, 538-539, 562-593, 616-651, 657, 694-739, 775-780, 946, 961, 965-966, 976-984, 993-996, 1004, 1015-1018, 1060-1064, 1074-1081, 1088-1093, 1101-1123, 1139-1140, 1143, 1151-1156, 1166-1169, 1185, 1188, 1252-1255, 1259-1265, 1279-1283, 1286, 1289, 1299, 1307-1309, 1343-1349, 1377-1378, 1383-1385, 1396-1409, 93->99, 115->116, 194->200, 196->200, 298->299, 300->307, 301->302, 373->383, 379->380, 397->398, 415->416, 606->605, 945->946, 960->961, 1003->1004, 1014->1015, 1058->1060, 1071->1074, 1085->1088, 1319->exit, 1370->1379, 1376->1377
/usr/local/lib/python3.4/dist-packages/sqlalchemy/util/queue.py                       88     64     28      0    21%   48-59, 64-67, 73-76, 82-85, 100-120, 128, 141-162, 171, 179-180, 183, 187, 191, 195, 199
/usr/local/lib/python3.4/dist-packages/sqlalchemy/util/topological.py                 47      5     28      2    88%   33, 82-84, 96, 32->33, 81->82
/usr/local/lib/python3.4/dist-packages/werkzeug/__init__.py                           29      8     10      2    69%   116-119, 121, 126-130, 115->116, 120->121
/usr/local/lib/python3.4/dist-packages/werkzeug/_compat.py                           148     85     67      9    39%   11-12, 21-117, 136-138, 158, 168, 184-190, 201, 205, 20->21, 125->exit, 129->exit, 130->exit, 156->158, 167->168, 179->181, 200->201, 204->205
/usr/local/lib/python3.4/dist-packages/werkzeug/_internal.py                         238    182     88      1    19%   60, 63, 78-87, 92-155, 162-171, 190-201, 204-208, 211-213, 216, 223-236, 240-272, 277-291, 297-298, 303-310, 317-333, 337-344, 355-418, 296->297
/usr/local/lib/python3.4/dist-packages/werkzeug/datastructures.py                   1316    874    537     31    26%   29, 38, 40-45, 48, 55-75, 90-93, 96, 99, 102, 106, 109, 113, 116, 119, 122, 125, 138, 156-158, 161, 164, 167-170, 173, 176, 179, 182, 185, 188, 191, 204, 207, 210, 213, 216, 219, 222, 238-241, 246-250, 253-260, 300-306, 322, 325, 331-335, 338, 341, 344, 392, 394-403, 407, 411, 414-415, 424-428, 436, 446, 460-472, 490, 500-504, 523-528, 539-543, 549-550, 553, 560, 571, 575, 579, 591-593, 613-614, 630-640, 644-652, 662, 666-669, 672, 675, 678, 691-700, 703-710, 732-735, 738-760, 765, 768, 771, 774-776, 779-781, 784-785, 788, 791, 796, 799-810, 813-819, 822-823, 826, 829-841, 844-846, 849, 853-854, 857-860, 863-871, 874-880, 883-889, 893, 898-902, 943-946, 951, 953, 955, 958-959, 968, 974, 1006-1013, 1031-1043, 1051, 1054-1057, 1060-1061, 1064-1065, 1071-1080, 1083-1091, 1098, 1110, 1112, 1115, 1119-1120, 1124, 1128-1132, 1159-1163, 1166-1169, 1178, 1182, 1199-1216, 1226-1229, 1233-1243, 1247-1250, 1261, 1265, 1268, 1272-1276, 1279, 1297, 1300, 1304, 1308, 1311, 1314, 1317, 1320, 1336, 1339, 1346-1349, 1354, 1357-1363, 1367, 1396, 1399, 1403, 1407-1410, 1413-1421, 1424-1427, 1436-1439, 1442, 1447-1454, 1457-1458, 1461-1465, 1468, 1472, 1484-1487, 1490, 1493-1496, 1501, 1522-1534, 1545, 1558, 1573, 1576, 1587, 1594, 1597, 1632-1641, 1645, 1652-1654, 1663-1666, 1669-1672, 1675, 1689-1694, 1701-1704, 1708-1709, 1713-1718, 1721, 1731-1741, 1746-1747, 1757-1774, 1785, 1794, 1802, 1810-1812, 1820-1825, 1876-1878, 1882-1893, 1897-1908, 1912-1913, 1917, 1920, 1923, 1991, 2012-2014, 2018, 2030-2039, 2046-2054, 2061-2064, 2071-2075, 2083-2086, 2090-2093, 2104-2106, 2110, 2113, 2116-2119, 2122-2127, 2130, 2133, 2136, 2139, 2142, 2145, 2158-2160, 2165-2168, 2172, 2176, 2183-2185, 2191-2194, 2198-2200, 2206-2213, 2216, 2221, 2224, 2227, 2230, 2245-2247, 2251-2255, 2258, 2261, 2275-2278, 2285-2293, 2299-2301, 2305-2311, 2317-2322, 2325, 2328, 2339-2342, 2346, 2349-2351, 2366-2373, 2379, 2382-2390, 2398, 2403, 2406, 2424-2425, 2462-2467, 2478-2481, 2485-2488, 2493-2508, 2512-2514, 2521, 2524, 2541-2544, 2549-2554, 2587-2589, 2592-2595, 2619-2646, 2649-2650, 2656, 2661, 2672-2673, 2683-2684, 2700-2709, 2713-2716, 2719, 2723, 2726, 2729, 37->38, 39->40, 47->48, 52->55, 391->392, 393->394, 406->407, 538->539, 559->560, 942->943, 950->951, 952->953, 954->955, 957->958, 1109->1110, 1111->1112, 1117->1119, 1260->1261, 1831->exit, 1831->exit, 1831->exit, 2427->exit, 2430->exit, 2433->exit, 2435->exit, 2439->exit, 2443->exit, 2446->exit, 2450->exit, 2453->exit, 2545->exit
/usr/local/lib/python3.4/dist-packages/werkzeug/exceptions.py                        192     38     26      4    75%   89, 109, 113, 117, 130, 141-146, 155-156, 159-160, 163-164, 275-276, 279-282, 430-432, 435-439, 658, 680, 683-687, 707, 88->89, 657->658, 676->678, 679->680
/usr/local/lib/python3.4/dist-packages/werkzeug/filesystem.py                         22     13      6      0    32%   27-32, 56-66
/usr/local/lib/python3.4/dist-packages/werkzeug/formparser.py                        242    193    100      0    14%   41-43, 90, 99-109, 146-156, 159, 167-170, 184-200, 204-213, 217-223, 235, 242-246, 258-276, 289-302, 309-311, 318-324, 327, 330-333, 337-341, 344-354, 357, 360-363, 382-468, 474-510, 515-519
/usr/local/lib/python3.4/dist-packages/werkzeug/http.py                              407    347    232      0     9%   147-149, 153-157, 170-177, 189-203, 212-220, 238-251, 276-281, 310-322, 343-376, 395-409, 429-433, 461-463, 475-498, 511-518, 528-534, 545-586, 601-631, 640-645, 659-668, 677-697, 702, 719-735, 740-746, 767, 781, 797-840, 856-857, 869, 881, 892, 914-935, 977-1024, 1032-1040
/usr/local/lib/python3.4/dist-packages/werkzeug/local.py                             215     66    140     61    60%   59, 63, 83-86, 121, 127, 132-137, 153, 158, 190-201, 214, 220-221, 227-229, 244, 247, 307-310, 314-317, 320-324, 329-330, 333-336, 339-342, 346, 350, 353, 356-362, 413, 142->144, 152->153, 154->158, 295->exit, 305->307, 345->346, 355->356, 364->exit, 365->exit, 366->exit, 367->exit, 368->exit, 369->exit, 370->exit, 371->exit, 372->exit, 373->exit, 374->exit, 375->exit, 376->exit, 377->exit, 378->exit, 379->exit, 380->exit, 381->exit, 382->exit, 383->exit, 384->exit, 385->exit, 386->exit, 387->exit, 388->exit, 389->exit, 390->exit, 391->exit, 392->exit, 393->exit, 394->exit, 395->exit, 396->exit, 397->exit, 398->exit, 399->exit, 400->exit, 401->exit, 402->exit, 403->exit, 404->exit, 405->exit, 406->exit, 407->exit, 408->exit, 409->exit, 410->exit, 411->exit, 412->413, 416->exit, 417->exit, 418->exit, 419->exit, 420->exit
/usr/local/lib/python3.4/dist-packages/werkzeug/routing.py                           629    301    278     45    46%   151-160, 164-179, 203, 210, 233-234, 237, 250, 261-265, 269, 272-282, 285-310, 330, 354-355, 358-362, 381-382, 385-389, 407-408, 411-415, 439, 442, 454-455, 458-472, 603, 615, 618, 639, 653-656, 671, 680, 695, 703, 722, 742, 773, 777, 781-785, 787, 790, 800-825, 832, 843-862, 889, 895, 898, 902-910, 930, 933, 958, 963, 984-985, 1017-1023, 1026-1029, 1068, 1085, 1088, 1160, 1166, 1181-1186, 1195-1198, 1239-1240, 1243, 1245, 1248-1249, 1294, 1297-1303, 1310, 1322, 1348, 1356-1357, 1424-1433, 1517, 1531-1536, 1541-1542, 1548, 1551-1559, 1569-1573, 1584-1590, 1597-1603, 1610-1619, 1634-1638, 1642-1644, 1651-1654, 1664-1670, 1679-1691, 1756-1779, 198->200, 202->203, 209->210, 602->603, 614->615, 617->618, 679->680, 683->685, 685->687, 694->695, 702->703, 721->722, 741->742, 761->exit, 769->773, 776->777, 780->781, 786->787, 789->790, 957->958, 960->963, 1159->1160, 1165->1166, 1238->1239, 1242->1243, 1244->1245, 1289->1299, 1292->1294, 1295->1297, 1307->1310, 1312->1326, 1316->1322, 1328->exit, 1347->1348, 1371->1373, 1514->1517, 1518->1520, 1528->1571, 1540->1541, 1544->1550, 1547->1548, 1550->1551, 1566->1569, 1628->exit, 1632->1634
/usr/local/lib/python3.4/dist-packages/werkzeug/test.py                              467    284    178     27    33%   25-26, 47-111, 118-120, 125-128, 137, 140-145, 148-152, 162, 165, 178-182, 188, 200-210, 298, 305, 309-310, 315-316, 319, 333-349, 353-366, 369, 374-376, 380, 396, 398, 400, 403-406, 421, 434, 443-444, 471-472, 475-476, 484-488, 508, 510, 516-517, 528-529, 531-534, 544-548, 550-553, 556-559, 565, 592, 594, 603-605, 646-652, 661-666, 670, 675-680, 686-721, 748-786, 790-791, 795-796, 800-801, 805-806, 810-811, 815-816, 820-821, 825-826, 829, 850-854, 874-909, 297->298, 301->303, 304->305, 307->309, 313->315, 318->319, 320->322, 332->333, 373->374, 379->380, 394->400, 395->396, 397->398, 418->421, 433->434, 436->440, 468->472, 469->471, 507->508, 509->510, 530->531, 543->544, 549->550, 554->556, 564->565, 591->592, 593->594
/usr/local/lib/python3.4/dist-packages/werkzeug/urls.py                              415    229    211     31    38%   57, 78-79, 89-90, 99, 106-108, 122-124, 138, 145, 152, 156-169, 179, 190, 210-248, 252, 259-261, 270, 273-281, 298, 304, 307, 313, 320, 339, 343, 349, 367-375, 382, 384-390, 394-398, 438, 441, 443, 461, 474, 507, 514, 516, 549-553, 577, 609-615, 662, 665-671, 724-730, 764-770, 775-790, 839-846, 857-914, 970-975, 978-983, 986-1004, 251->252, 257->259, 268->273, 269->270, 303->304, 306->307, 312->313, 359->361, 361->363, 366->367, 381->382, 383->384, 417->419, 425->exit, 425->429, 436->438, 440->441, 442->443, 460->461, 462->464, 464->466, 466->468, 471->474, 506->507, 509->511, 513->514, 515->516, 531->533, 576->577, 661->662, 664->665
/usr/local/lib/python3.4/dist-packages/werkzeug/utils.py                             243    182    104      0    18%   19-20, 66, 69-75, 103, 111, 160, 163-202, 205, 225-230, 245-250, 277-295, 309-320, 329-341, 364-381, 392-396, 415-440, 461-475, 522-528, 543-561, 569-572, 589-616, 619
/usr/local/lib/python3.4/dist-packages/werkzeug/wrappers.py                          605    399    204      5    26%   56-57, 64-66, 74-75, 81-85, 89-95, 230-237, 249, 270-277, 298-302, 325, 335, 343, 360-379, 388-391, 402, 405, 408, 428-429, 449, 460-469, 496-505, 523-524, 530-535, 557-558, 564, 573, 581-583, 588, 593-595, 602, 610, 619, 627, 635, 650-655, 660, 796-828, 838-839, 842-846, 881-887, 903, 906, 909-913, 919, 922-927, 944-948, 959-965, 974-978, 987-1001, 1011-1018, 1027-1031, 1056, 1075, 1087-1091, 1101, 1110-1113, 1116, 1119, 1131-1132, 1158-1223, 1239-1249, 1264-1266, 1276-1278, 1294, 1301, 1310, 1321, 1337-1338, 1347, 1355, 1360, 1365, 1375, 1385, 1398-1399, 1412-1413, 1448-1453, 1459-1460, 1466, 1485-1507, 1547-1565, 1569-1570, 1574, 1580, 1587-1589, 1600-1612, 1615-1620, 1641-1642, 1645-1649, 1652-1653, 1656, 1659-1660, 1663-1665, 1669, 1682, 1707, 1740-1741, 1751-1752, 1760-1761, 1771, 1782-1784, 1787, 1790-1794, 1858-1863, 1866-1874, 1885-1890, 1893-1898, 1929-1935, 222->224, 401->402, 640->exit, 672->exit, 678->exit
/usr/local/lib/python3.4/dist-packages/werkzeug/wsgi.py                              542    462    250      0    11%   40, 79-91, 105-134, 150-163, 174-179, 196-213, 226-230, 246-247, 263-264, 294-316, 340-342, 384-431, 493-511, 518, 521, 528, 531-554, 557-565, 568-570, 577-628, 643-644, 647-660, 687-698, 701, 704, 707-708, 727, 751-752, 755-756, 759-763, 766-767, 770-772, 775, 778-781, 803-811, 814, 817-823, 826-837, 840-851, 854-858, 861-862, 867-882, 918-968, 997-1040, 1080-1083, 1086, 1091, 1100, 1108-1109, 1119-1124, 1131-1143, 1147-1160, 1168-1182, 1189, 1192-1195
------------------------------------------------------------------------------------------------------------------------------
TOTAL                                                                              47418  28268  19335   1881    34%
